Started at Thu Aug 25 17:11:27 UTC 2022
Processing diaspora_rdf_map
Offering diaspora_rdf_map to Project Build Discarder
Processing diaspora_store_to_graph
Offering diaspora_store_to_graph to Project Build Discarder
Processing diaspora_to_csv
Offering diaspora_to_csv to Project Build Discarder
Processing query_diaspora
Offering query_diaspora to Project Build Discarder
Processing validate_diaspora
Offering validate_diaspora to Project Build Discarder
Finished at Thu Aug 25 17:11:27 UTC 2022. 35ms
Started at Thu Aug 25 18:11:27 UTC 2022
Processing diaspora_rdf_map
Offering diaspora_rdf_map to Project Build Discarder
Processing diaspora_store_to_graph
Offering diaspora_store_to_graph to Project Build Discarder
Processing diaspora_to_csv
Offering diaspora_to_csv to Project Build Discarder
Processing query_diaspora
Offering query_diaspora to Project Build Discarder
Processing validate_diaspora
Offering validate_diaspora to Project Build Discarder
Finished at Thu Aug 25 18:11:27 UTC 2022. 37ms
Started at Thu Aug 25 19:11:27 UTC 2022
Processing diaspora_rdf_map
Offering diaspora_rdf_map to Project Build Discarder
Processing diaspora_store_to_graph
Offering diaspora_store_to_graph to Project Build Discarder
Processing diaspora_to_csv
Offering diaspora_to_csv to Project Build Discarder
Processing query_diaspora
Offering query_diaspora to Project Build Discarder
Processing validate_diaspora
Offering validate_diaspora to Project Build Discarder
Finished at Thu Aug 25 19:11:27 UTC 2022. 17ms
Started at Thu Aug 25 20:15:05 UTC 2022
Processing diaspora_rdf_map
Offering diaspora_rdf_map to Project Build Discarder
Processing diaspora_store_to_graph
Offering diaspora_store_to_graph to Project Build Discarder
Processing diaspora_to_csv
Offering diaspora_to_csv to Project Build Discarder
Processing query_diaspora
Offering query_diaspora to Project Build Discarder
Processing validate_diaspora
Offering validate_diaspora to Project Build Discarder
Finished at Thu Aug 25 20:15:05 UTC 2022. 54ms
Started at Thu Aug 25 22:06:47 UTC 2022
Processing diaspora_rdf_map
Offering diaspora_rdf_map to Project Build Discarder
Processing diaspora_store_to_graph
Offering diaspora_store_to_graph to Project Build Discarder
Processing diaspora_to_csv
Offering diaspora_to_csv to Project Build Discarder
Processing query_diaspora
Offering query_diaspora to Project Build Discarder
Processing validate_diaspora
Offering validate_diaspora to Project Build Discarder
Finished at Thu Aug 25 22:13:57 UTC 2022. 429497ms
Started at Thu Aug 25 23:11:27 UTC 2022
Processing diaspora_rdf_map
Offering diaspora_rdf_map to Project Build Discarder
Processing diaspora_store_to_graph
Offering diaspora_store_to_graph to Project Build Discarder
Processing diaspora_to_csv
Offering diaspora_to_csv to Project Build Discarder
Processing query_diaspora
Offering query_diaspora to Project Build Discarder
Processing validate_diaspora
Offering validate_diaspora to Project Build Discarder
Finished at Thu Aug 25 23:11:27 UTC 2022. 11ms
Started at Fri Aug 26 00:11:27 UTC 2022
Processing diaspora_rdf_map
Offering diaspora_rdf_map to Project Build Discarder
Processing diaspora_store_to_graph
Offering diaspora_store_to_graph to Project Build Discarder
Processing diaspora_to_csv
Offering diaspora_to_csv to Project Build Discarder
Processing query_diaspora
Offering query_diaspora to Project Build Discarder
Processing validate_diaspora
Offering validate_diaspora to Project Build Discarder
Finished at Fri Aug 26 00:11:27 UTC 2022. 7ms
Started at Fri Aug 26 01:11:27 UTC 2022
Processing diaspora_rdf_map
Offering diaspora_rdf_map to Project Build Discarder
Processing diaspora_store_to_graph
Offering diaspora_store_to_graph to Project Build Discarder
Processing diaspora_to_csv
Offering diaspora_to_csv to Project Build Discarder
Processing query_diaspora
Offering query_diaspora to Project Build Discarder
Processing validate_diaspora
Offering validate_diaspora to Project Build Discarder
Finished at Fri Aug 26 01:11:27 UTC 2022. 10ms
Started at Fri Aug 26 02:11:27 UTC 2022
Processing diaspora_rdf_map
Offering diaspora_rdf_map to Project Build Discarder
Processing diaspora_store_to_graph
Offering diaspora_store_to_graph to Project Build Discarder
Processing diaspora_to_csv
Offering diaspora_to_csv to Project Build Discarder
Processing query_diaspora
Offering query_diaspora to Project Build Discarder
Processing validate_diaspora
Offering validate_diaspora to Project Build Discarder
Finished at Fri Aug 26 02:11:27 UTC 2022. 7ms
Started at Fri Aug 26 03:11:27 UTC 2022
Processing diaspora_rdf_map
Offering diaspora_rdf_map to Project Build Discarder
Processing diaspora_store_to_graph
Offering diaspora_store_to_graph to Project Build Discarder
Processing diaspora_to_csv
Offering diaspora_to_csv to Project Build Discarder
Processing query_diaspora
Offering query_diaspora to Project Build Discarder
Processing validate_diaspora
Offering validate_diaspora to Project Build Discarder
Finished at Fri Aug 26 03:11:27 UTC 2022. 10ms
Started at Fri Aug 26 04:11:27 UTC 2022
Processing diaspora_rdf_map
Offering diaspora_rdf_map to Project Build Discarder
Processing diaspora_store_to_graph
Offering diaspora_store_to_graph to Project Build Discarder
Processing diaspora_to_csv
Offering diaspora_to_csv to Project Build Discarder
Processing query_diaspora
Offering query_diaspora to Project Build Discarder
Processing validate_diaspora
Offering validate_diaspora to Project Build Discarder
Finished at Fri Aug 26 04:11:27 UTC 2022. 9ms
Started at Fri Aug 26 05:11:27 UTC 2022
Processing diaspora_rdf_map
Offering diaspora_rdf_map to Project Build Discarder
Processing diaspora_store_to_graph
Offering diaspora_store_to_graph to Project Build Discarder
Processing diaspora_to_csv
Offering diaspora_to_csv to Project Build Discarder
Processing query_diaspora
Offering query_diaspora to Project Build Discarder
Processing validate_diaspora
Offering validate_diaspora to Project Build Discarder
Finished at Fri Aug 26 05:11:27 UTC 2022. 17ms
Started at Fri Aug 26 06:11:27 UTC 2022
Processing diaspora_rdf_map
Offering diaspora_rdf_map to Project Build Discarder
Processing diaspora_store_to_graph
Offering diaspora_store_to_graph to Project Build Discarder
Processing diaspora_to_csv
Offering diaspora_to_csv to Project Build Discarder
Processing query_diaspora
Offering query_diaspora to Project Build Discarder
Processing validate_diaspora
Offering validate_diaspora to Project Build Discarder
Finished at Fri Aug 26 06:11:27 UTC 2022. 7ms
Started at Fri Aug 26 07:11:27 UTC 2022
Processing diaspora_rdf_map
Offering diaspora_rdf_map to Project Build Discarder
Processing diaspora_store_to_graph
Offering diaspora_store_to_graph to Project Build Discarder
Processing diaspora_to_csv
Offering diaspora_to_csv to Project Build Discarder
Processing query_diaspora
Offering query_diaspora to Project Build Discarder
Processing validate_diaspora
Offering validate_diaspora to Project Build Discarder
Finished at Fri Aug 26 07:11:27 UTC 2022. 10ms
Started at Fri Aug 26 08:11:27 UTC 2022
Processing diaspora_rdf_map
Offering diaspora_rdf_map to Project Build Discarder
Processing diaspora_store_to_graph
Offering diaspora_store_to_graph to Project Build Discarder
Processing diaspora_to_csv
Offering diaspora_to_csv to Project Build Discarder
Processing query_diaspora
Offering query_diaspora to Project Build Discarder
Processing validate_diaspora
Offering validate_diaspora to Project Build Discarder
Finished at Fri Aug 26 08:11:27 UTC 2022. 9ms
Started at Fri Aug 26 09:11:27 UTC 2022
Processing diaspora_rdf_map
Offering diaspora_rdf_map to Project Build Discarder
Processing diaspora_store_to_graph
Offering diaspora_store_to_graph to Project Build Discarder
Processing diaspora_to_csv
Offering diaspora_to_csv to Project Build Discarder
Processing query_diaspora
Offering query_diaspora to Project Build Discarder
Processing validate_diaspora
Offering validate_diaspora to Project Build Discarder
Finished at Fri Aug 26 09:11:27 UTC 2022. 20ms
Started at Fri Aug 26 10:11:27 UTC 2022
Processing diaspora_rdf_map
Offering diaspora_rdf_map to Project Build Discarder
Processing diaspora_store_to_graph
Offering diaspora_store_to_graph to Project Build Discarder
Processing diaspora_to_csv
Offering diaspora_to_csv to Project Build Discarder
Processing query_diaspora
Offering query_diaspora to Project Build Discarder
Processing validate_diaspora
Offering validate_diaspora to Project Build Discarder
Finished at Fri Aug 26 10:11:27 UTC 2022. 13ms
Started at Fri Aug 26 11:11:27 UTC 2022
Processing diaspora_rdf_map
Offering diaspora_rdf_map to Project Build Discarder
Processing diaspora_store_to_graph
Offering diaspora_store_to_graph to Project Build Discarder
Processing diaspora_to_csv
Offering diaspora_to_csv to Project Build Discarder
Processing query_diaspora
Offering query_diaspora to Project Build Discarder
Processing validate_diaspora
Offering validate_diaspora to Project Build Discarder
Finished at Fri Aug 26 11:11:27 UTC 2022. 11ms
Started at Fri Aug 26 12:11:27 UTC 2022
Processing diaspora_rdf_map
Offering diaspora_rdf_map to Project Build Discarder
Processing diaspora_store_to_graph
Offering diaspora_store_to_graph to Project Build Discarder
Processing diaspora_to_csv
Offering diaspora_to_csv to Project Build Discarder
Processing query_diaspora
Offering query_diaspora to Project Build Discarder
Processing validate_diaspora
Offering validate_diaspora to Project Build Discarder
Finished at Fri Aug 26 12:11:27 UTC 2022. 13ms
