Started at Sun Nov 20 20:18:08 UTC 2022
Processing db_to_csv
Offering db_to_csv to Project Build Discarder
Processing Nomad_dcat
Offering Nomad_dcat to Project Build Discarder
Processing Nomad_metadata
Offering Nomad_metadata to Project Build Discarder
Processing Nomad_method
Offering Nomad_method to Project Build Discarder
Processing Nomad_observation
Offering Nomad_observation to Project Build Discarder
Processing Query_hybrid
Offering Query_hybrid to Project Build Discarder
Processing Query_nomad
Offering Query_nomad to Project Build Discarder
Processing rdf_map
Offering rdf_map to Project Build Discarder
Processing store_to_graph
Offering store_to_graph to Project Build Discarder
Processing store_to_graph_hybrid
Offering store_to_graph_hybrid to Project Build Discarder
Processing Validate_hybrid
Offering Validate_hybrid to Project Build Discarder
Processing validate_nomad
Offering validate_nomad to Project Build Discarder
Finished at Sun Nov 20 20:18:08 UTC 2022. 1ms
Started at Sun Nov 20 21:18:08 UTC 2022
Processing db_to_csv
Offering db_to_csv to Project Build Discarder
Processing Nomad_dcat
Offering Nomad_dcat to Project Build Discarder
Processing Nomad_metadata
Offering Nomad_metadata to Project Build Discarder
Processing Nomad_method
Offering Nomad_method to Project Build Discarder
Processing Nomad_observation
Offering Nomad_observation to Project Build Discarder
Processing Query_hybrid
Offering Query_hybrid to Project Build Discarder
Processing Query_nomad
Offering Query_nomad to Project Build Discarder
Processing rdf_map
Offering rdf_map to Project Build Discarder
Processing store_to_graph
Offering store_to_graph to Project Build Discarder
Processing store_to_graph_hybrid
Offering store_to_graph_hybrid to Project Build Discarder
Processing Validate_hybrid
Offering Validate_hybrid to Project Build Discarder
Processing validate_nomad
Offering validate_nomad to Project Build Discarder
Finished at Sun Nov 20 21:18:08 UTC 2022. 2ms
Started at Sun Nov 20 22:18:08 UTC 2022
Processing db_to_csv
Offering db_to_csv to Project Build Discarder
Processing Nomad_dcat
Offering Nomad_dcat to Project Build Discarder
Processing Nomad_metadata
Offering Nomad_metadata to Project Build Discarder
Processing Nomad_method
Offering Nomad_method to Project Build Discarder
Processing Nomad_observation
Offering Nomad_observation to Project Build Discarder
Processing Query_hybrid
Offering Query_hybrid to Project Build Discarder
Processing Query_nomad
Offering Query_nomad to Project Build Discarder
Processing rdf_map
Offering rdf_map to Project Build Discarder
Processing store_to_graph
Offering store_to_graph to Project Build Discarder
Processing store_to_graph_hybrid
Offering store_to_graph_hybrid to Project Build Discarder
Processing Validate_hybrid
Offering Validate_hybrid to Project Build Discarder
Processing validate_nomad
Offering validate_nomad to Project Build Discarder
Finished at Sun Nov 20 22:18:08 UTC 2022. 2ms
Started at Sun Nov 20 23:18:08 UTC 2022
Processing db_to_csv
Offering db_to_csv to Project Build Discarder
Processing Nomad_dcat
Offering Nomad_dcat to Project Build Discarder
Processing Nomad_metadata
Offering Nomad_metadata to Project Build Discarder
Processing Nomad_method
Offering Nomad_method to Project Build Discarder
Processing Nomad_observation
Offering Nomad_observation to Project Build Discarder
Processing Query_hybrid
Offering Query_hybrid to Project Build Discarder
Processing Query_nomad
Offering Query_nomad to Project Build Discarder
Processing rdf_map
Offering rdf_map to Project Build Discarder
Processing store_to_graph
Offering store_to_graph to Project Build Discarder
Processing store_to_graph_hybrid
Offering store_to_graph_hybrid to Project Build Discarder
Processing Validate_hybrid
Offering Validate_hybrid to Project Build Discarder
Processing validate_nomad
Offering validate_nomad to Project Build Discarder
Finished at Sun Nov 20 23:18:08 UTC 2022. 1ms
Started at Mon Nov 21 00:18:08 UTC 2022
Processing db_to_csv
Offering db_to_csv to Project Build Discarder
Processing Nomad_dcat
Offering Nomad_dcat to Project Build Discarder
Processing Nomad_metadata
Offering Nomad_metadata to Project Build Discarder
Processing Nomad_method
Offering Nomad_method to Project Build Discarder
Processing Nomad_observation
Offering Nomad_observation to Project Build Discarder
Processing Query_hybrid
Offering Query_hybrid to Project Build Discarder
Processing Query_nomad
Offering Query_nomad to Project Build Discarder
Processing rdf_map
Offering rdf_map to Project Build Discarder
Processing store_to_graph
Offering store_to_graph to Project Build Discarder
Processing store_to_graph_hybrid
Offering store_to_graph_hybrid to Project Build Discarder
Processing Validate_hybrid
Offering Validate_hybrid to Project Build Discarder
Processing validate_nomad
Offering validate_nomad to Project Build Discarder
Finished at Mon Nov 21 00:18:08 UTC 2022. 2ms
Started at Mon Nov 21 01:18:08 UTC 2022
Processing db_to_csv
Offering db_to_csv to Project Build Discarder
Processing Nomad_dcat
Offering Nomad_dcat to Project Build Discarder
Processing Nomad_metadata
Offering Nomad_metadata to Project Build Discarder
Processing Nomad_method
Offering Nomad_method to Project Build Discarder
Processing Nomad_observation
Offering Nomad_observation to Project Build Discarder
Processing Query_hybrid
Offering Query_hybrid to Project Build Discarder
Processing Query_nomad
Offering Query_nomad to Project Build Discarder
Processing rdf_map
Offering rdf_map to Project Build Discarder
Processing store_to_graph
Offering store_to_graph to Project Build Discarder
Processing store_to_graph_hybrid
Offering store_to_graph_hybrid to Project Build Discarder
Processing Validate_hybrid
Offering Validate_hybrid to Project Build Discarder
Processing validate_nomad
Offering validate_nomad to Project Build Discarder
Finished at Mon Nov 21 01:18:08 UTC 2022. 4ms
Started at Mon Nov 21 02:18:08 UTC 2022
Processing db_to_csv
Offering db_to_csv to Project Build Discarder
Processing Nomad_dcat
Offering Nomad_dcat to Project Build Discarder
Processing Nomad_metadata
Offering Nomad_metadata to Project Build Discarder
Processing Nomad_method
Offering Nomad_method to Project Build Discarder
Processing Nomad_observation
Offering Nomad_observation to Project Build Discarder
Processing Query_hybrid
Offering Query_hybrid to Project Build Discarder
Processing Query_nomad
Offering Query_nomad to Project Build Discarder
Processing rdf_map
Offering rdf_map to Project Build Discarder
Processing store_to_graph
Offering store_to_graph to Project Build Discarder
Processing store_to_graph_hybrid
Offering store_to_graph_hybrid to Project Build Discarder
Processing Validate_hybrid
Offering Validate_hybrid to Project Build Discarder
Processing validate_nomad
Offering validate_nomad to Project Build Discarder
Finished at Mon Nov 21 02:18:08 UTC 2022. 3ms
Started at Mon Nov 21 03:18:08 UTC 2022
Processing db_to_csv
Offering db_to_csv to Project Build Discarder
Processing Nomad_dcat
Offering Nomad_dcat to Project Build Discarder
Processing Nomad_metadata
Offering Nomad_metadata to Project Build Discarder
Processing Nomad_method
Offering Nomad_method to Project Build Discarder
Processing Nomad_observation
Offering Nomad_observation to Project Build Discarder
Processing Query_hybrid
Offering Query_hybrid to Project Build Discarder
Processing Query_nomad
Offering Query_nomad to Project Build Discarder
Processing rdf_map
Offering rdf_map to Project Build Discarder
Processing store_to_graph
Offering store_to_graph to Project Build Discarder
Processing store_to_graph_hybrid
Offering store_to_graph_hybrid to Project Build Discarder
Processing Validate_hybrid
Offering Validate_hybrid to Project Build Discarder
Processing validate_nomad
Offering validate_nomad to Project Build Discarder
Finished at Mon Nov 21 03:18:08 UTC 2022. 1ms
Started at Mon Nov 21 04:18:08 UTC 2022
Processing db_to_csv
Offering db_to_csv to Project Build Discarder
Processing Nomad_dcat
Offering Nomad_dcat to Project Build Discarder
Processing Nomad_metadata
Offering Nomad_metadata to Project Build Discarder
Processing Nomad_method
Offering Nomad_method to Project Build Discarder
Processing Nomad_observation
Offering Nomad_observation to Project Build Discarder
Processing Query_hybrid
Offering Query_hybrid to Project Build Discarder
Processing Query_nomad
Offering Query_nomad to Project Build Discarder
Processing rdf_map
Offering rdf_map to Project Build Discarder
Processing store_to_graph
Offering store_to_graph to Project Build Discarder
Processing store_to_graph_hybrid
Offering store_to_graph_hybrid to Project Build Discarder
Processing Validate_hybrid
Offering Validate_hybrid to Project Build Discarder
Processing validate_nomad
Offering validate_nomad to Project Build Discarder
Finished at Mon Nov 21 04:18:08 UTC 2022. 3ms
Started at Mon Nov 21 05:18:08 UTC 2022
Processing db_to_csv
Offering db_to_csv to Project Build Discarder
Processing Nomad_dcat
Offering Nomad_dcat to Project Build Discarder
Processing Nomad_metadata
Offering Nomad_metadata to Project Build Discarder
Processing Nomad_method
Offering Nomad_method to Project Build Discarder
Processing Nomad_observation
Offering Nomad_observation to Project Build Discarder
Processing Query_hybrid
Offering Query_hybrid to Project Build Discarder
Processing Query_nomad
Offering Query_nomad to Project Build Discarder
Processing rdf_map
Offering rdf_map to Project Build Discarder
Processing store_to_graph
Offering store_to_graph to Project Build Discarder
Processing store_to_graph_hybrid
Offering store_to_graph_hybrid to Project Build Discarder
Processing Validate_hybrid
Offering Validate_hybrid to Project Build Discarder
Processing validate_nomad
Offering validate_nomad to Project Build Discarder
Finished at Mon Nov 21 05:18:08 UTC 2022. 1ms
Started at Mon Nov 21 06:18:08 UTC 2022
Processing db_to_csv
Offering db_to_csv to Project Build Discarder
Processing Nomad_dcat
Offering Nomad_dcat to Project Build Discarder
Processing Nomad_metadata
Offering Nomad_metadata to Project Build Discarder
Processing Nomad_method
Offering Nomad_method to Project Build Discarder
Processing Nomad_observation
Offering Nomad_observation to Project Build Discarder
Processing Query_hybrid
Offering Query_hybrid to Project Build Discarder
Processing Query_nomad
Offering Query_nomad to Project Build Discarder
Processing rdf_map
Offering rdf_map to Project Build Discarder
Processing store_to_graph
Offering store_to_graph to Project Build Discarder
Processing store_to_graph_hybrid
Offering store_to_graph_hybrid to Project Build Discarder
Processing Validate_hybrid
Offering Validate_hybrid to Project Build Discarder
Processing validate_nomad
Offering validate_nomad to Project Build Discarder
Finished at Mon Nov 21 06:18:08 UTC 2022. 2ms
Started at Mon Nov 21 07:18:08 UTC 2022
Processing db_to_csv
Offering db_to_csv to Project Build Discarder
Processing Nomad_dcat
Offering Nomad_dcat to Project Build Discarder
Processing Nomad_metadata
Offering Nomad_metadata to Project Build Discarder
Processing Nomad_method
Offering Nomad_method to Project Build Discarder
Processing Nomad_observation
Offering Nomad_observation to Project Build Discarder
Processing Query_hybrid
Offering Query_hybrid to Project Build Discarder
Processing Query_nomad
Offering Query_nomad to Project Build Discarder
Processing rdf_map
Offering rdf_map to Project Build Discarder
Processing store_to_graph
Offering store_to_graph to Project Build Discarder
Processing store_to_graph_hybrid
Offering store_to_graph_hybrid to Project Build Discarder
Processing Validate_hybrid
Offering Validate_hybrid to Project Build Discarder
Processing validate_nomad
Offering validate_nomad to Project Build Discarder
Finished at Mon Nov 21 07:18:08 UTC 2022. 2ms
Started at Mon Nov 21 08:18:08 UTC 2022
Processing db_to_csv
Offering db_to_csv to Project Build Discarder
Processing Nomad_dcat
Offering Nomad_dcat to Project Build Discarder
Processing Nomad_metadata
Offering Nomad_metadata to Project Build Discarder
Processing Nomad_method
Offering Nomad_method to Project Build Discarder
Processing Nomad_observation
Offering Nomad_observation to Project Build Discarder
Processing Query_hybrid
Offering Query_hybrid to Project Build Discarder
Processing Query_nomad
Offering Query_nomad to Project Build Discarder
Processing rdf_map
Offering rdf_map to Project Build Discarder
Processing store_to_graph
Offering store_to_graph to Project Build Discarder
Processing store_to_graph_hybrid
Offering store_to_graph_hybrid to Project Build Discarder
Processing Validate_hybrid
Offering Validate_hybrid to Project Build Discarder
Processing validate_nomad
Offering validate_nomad to Project Build Discarder
Finished at Mon Nov 21 08:18:08 UTC 2022. 1ms
Started at Mon Nov 21 09:18:08 UTC 2022
Processing db_to_csv
Offering db_to_csv to Project Build Discarder
Processing Nomad_dcat
Offering Nomad_dcat to Project Build Discarder
Processing Nomad_metadata
Offering Nomad_metadata to Project Build Discarder
Processing Nomad_method
Offering Nomad_method to Project Build Discarder
Processing Nomad_observation
Offering Nomad_observation to Project Build Discarder
Processing Query_hybrid
Offering Query_hybrid to Project Build Discarder
Processing Query_nomad
Offering Query_nomad to Project Build Discarder
Processing rdf_map
Offering rdf_map to Project Build Discarder
Processing store_to_graph
Offering store_to_graph to Project Build Discarder
Processing store_to_graph_hybrid
Offering store_to_graph_hybrid to Project Build Discarder
Processing Validate_hybrid
Offering Validate_hybrid to Project Build Discarder
Processing validate_nomad
Offering validate_nomad to Project Build Discarder
Finished at Mon Nov 21 09:18:08 UTC 2022. 1ms
Started at Mon Nov 21 10:18:08 UTC 2022
Processing db_to_csv
Offering db_to_csv to Project Build Discarder
Processing Nomad_dcat
Offering Nomad_dcat to Project Build Discarder
Processing Nomad_metadata
Offering Nomad_metadata to Project Build Discarder
Processing Nomad_method
Offering Nomad_method to Project Build Discarder
Processing Nomad_observation
Offering Nomad_observation to Project Build Discarder
Processing Query_hybrid
Offering Query_hybrid to Project Build Discarder
Processing Query_nomad
Offering Query_nomad to Project Build Discarder
Processing rdf_map
Offering rdf_map to Project Build Discarder
Processing store_to_graph
Offering store_to_graph to Project Build Discarder
Processing store_to_graph_hybrid
Offering store_to_graph_hybrid to Project Build Discarder
Processing Validate_hybrid
Offering Validate_hybrid to Project Build Discarder
Processing validate_nomad
Offering validate_nomad to Project Build Discarder
Finished at Mon Nov 21 10:18:08 UTC 2022. 1ms
Started at Mon Nov 21 11:18:08 UTC 2022
Processing db_to_csv
Offering db_to_csv to Project Build Discarder
Processing Nomad_dcat
Offering Nomad_dcat to Project Build Discarder
Processing Nomad_metadata
Offering Nomad_metadata to Project Build Discarder
Processing Nomad_method
Offering Nomad_method to Project Build Discarder
Processing Nomad_observation
Offering Nomad_observation to Project Build Discarder
Processing Query_hybrid
Offering Query_hybrid to Project Build Discarder
Processing Query_nomad
Offering Query_nomad to Project Build Discarder
Processing rdf_map
Offering rdf_map to Project Build Discarder
Processing store_to_graph
Offering store_to_graph to Project Build Discarder
Processing store_to_graph_hybrid
Offering store_to_graph_hybrid to Project Build Discarder
Processing Validate_hybrid
Offering Validate_hybrid to Project Build Discarder
Processing validate_nomad
Offering validate_nomad to Project Build Discarder
Finished at Mon Nov 21 11:18:08 UTC 2022. 2ms
Started at Mon Nov 21 12:18:08 UTC 2022
Processing clean_workspace_nomad
Offering clean_workspace_nomad to Project Build Discarder
Processing db_to_csv
Offering db_to_csv to Project Build Discarder
Processing Nomad_dcat
Offering Nomad_dcat to Project Build Discarder
Processing Nomad_metadata
Offering Nomad_metadata to Project Build Discarder
Processing Nomad_method
Offering Nomad_method to Project Build Discarder
Processing Nomad_observation
Offering Nomad_observation to Project Build Discarder
Processing Query_hybrid
Offering Query_hybrid to Project Build Discarder
Processing Query_nomad
Offering Query_nomad to Project Build Discarder
Processing rdf_map
Offering rdf_map to Project Build Discarder
Processing store_to_graph
Offering store_to_graph to Project Build Discarder
Processing store_to_graph_hybrid
Offering store_to_graph_hybrid to Project Build Discarder
Processing Validate_hybrid
Offering Validate_hybrid to Project Build Discarder
Processing validate_nomad
Offering validate_nomad to Project Build Discarder
Finished at Mon Nov 21 12:18:08 UTC 2022. 1ms
Started at Mon Nov 21 13:18:08 UTC 2022
Processing clean_workspace_nomad
Offering clean_workspace_nomad to Project Build Discarder
Processing db_to_csv
Offering db_to_csv to Project Build Discarder
Processing Nomad_dcat
Offering Nomad_dcat to Project Build Discarder
Processing Nomad_metadata
Offering Nomad_metadata to Project Build Discarder
Processing Nomad_method
Offering Nomad_method to Project Build Discarder
Processing Nomad_observation
Offering Nomad_observation to Project Build Discarder
Processing Query_hybrid
Offering Query_hybrid to Project Build Discarder
Processing Query_nomad
Offering Query_nomad to Project Build Discarder
Processing rdf_map
Offering rdf_map to Project Build Discarder
Processing store_to_graph
Offering store_to_graph to Project Build Discarder
Processing store_to_graph_hybrid
Offering store_to_graph_hybrid to Project Build Discarder
Processing Validate_hybrid
Offering Validate_hybrid to Project Build Discarder
Processing validate_nomad
Offering validate_nomad to Project Build Discarder
Finished at Mon Nov 21 13:18:08 UTC 2022. 0ms
