Started at Sat Nov 19 16:42:20 UTC 2022
Checking db_to_csv
Checking Nomad_dcat
Checking Nomad_metadata
Checking Nomad_method
Checking Nomad_observation
Checking Query_hybrid
Checking Query_nomad
Checking rdf_map
Checking store_to_graph
Checking store_to_graph_hybrid
Checking Validate_hybrid
Checking validate_nomad
Finished at Sat Nov 19 16:42:20 UTC 2022. 6ms
Started at Sun Nov 20 16:42:20 UTC 2022
Checking db_to_csv
Checking Nomad_dcat
Checking Nomad_metadata
Checking Nomad_method
Checking Nomad_observation
Checking Query_hybrid
Checking Query_nomad
Checking rdf_map
Checking store_to_graph
Checking store_to_graph_hybrid
Checking Validate_hybrid
Checking validate_nomad
Finished at Sun Nov 20 16:42:20 UTC 2022. 1ms
