Started at Wed Sep 07 15:31:55 UTC 2022
Processing Nomad_metadata
Offering Nomad_metadata to Project Build Discarder
Processing Nomad_method
Offering Nomad_method to Project Build Discarder
Processing Nomad_observation
Offering Nomad_observation to Project Build Discarder
Processing Query_nomad
Offering Query_nomad to Project Build Discarder
Processing validate_nomad
Offering validate_nomad to Project Build Discarder
Finished at Wed Sep 07 15:31:55 UTC 2022. 16ms
Started at Wed Sep 07 16:31:55 UTC 2022
Processing Nomad_metadata
Offering Nomad_metadata to Project Build Discarder
Processing Nomad_method
Offering Nomad_method to Project Build Discarder
Processing Nomad_observation
Offering Nomad_observation to Project Build Discarder
Processing Query_nomad
Offering Query_nomad to Project Build Discarder
Processing validate_nomad
Offering validate_nomad to Project Build Discarder
Finished at Wed Sep 07 16:31:55 UTC 2022. 10ms
Started at Wed Sep 07 17:31:55 UTC 2022
Processing Nomad_metadata
Offering Nomad_metadata to Project Build Discarder
Processing Nomad_method
Offering Nomad_method to Project Build Discarder
Processing Nomad_observation
Offering Nomad_observation to Project Build Discarder
Processing Query_nomad
Offering Query_nomad to Project Build Discarder
Processing validate_nomad
Offering validate_nomad to Project Build Discarder
Finished at Wed Sep 07 17:31:55 UTC 2022. 8ms
Started at Wed Sep 07 18:31:55 UTC 2022
Processing Nomad_metadata
Offering Nomad_metadata to Project Build Discarder
Processing Nomad_method
Offering Nomad_method to Project Build Discarder
Processing Nomad_observation
Offering Nomad_observation to Project Build Discarder
Processing Query_nomad
Offering Query_nomad to Project Build Discarder
Processing validate_nomad
Offering validate_nomad to Project Build Discarder
Finished at Wed Sep 07 18:31:55 UTC 2022. 11ms
