2022-12-13T22:56:52,981 [main] INFO org.aksw.limes.core.io.cache.HybridCache 115 - Checking for file /var/jenkins_home/workspace/Dsms_linking/cache/1483452141.ser
2022-12-13T22:56:53,001 [main] INFO org.aksw.limes.core.io.cache.HybridCache 118 - Found cached data. Loading data from file /var/jenkins_home/workspace/Dsms_linking/cache/1483452141.ser
2022-12-13T22:56:53,014 [main] INFO org.aksw.limes.core.io.cache.HybridCache 132 - No cached data found for sourceId
2022-12-13T22:56:53,015 [main] INFO org.aksw.limes.core.io.query.QueryModuleFactory 18 - Generating <TURTLE> reader
2022-12-13T22:56:54,040 [main] INFO org.aksw.limes.core.io.query.FileQueryModule 55 - RDF model read from ./statements.ttl is of size 6931
2022-12-13T22:56:54,042 [main] INFO LIMES 32 - Registry = [./statements.ttl]
2022-12-13T22:56:54,044 [main] INFO org.aksw.limes.core.io.query.SparqlQueryModule 251 - Query issued is 
PREFIX dct: <http://purl.org/dc/terms/>
PREFIX test: <http://test.de/>
PREFIX dbr: <http://dbpedia.org/resource/Category:>
PREFIX owl: <http://www.w3.org/2002/07/owl#>
PREFIX rdfs: <http://www.w3.org/2000/01/rdf-schema#>
SELECT DISTINCT ?s ?v1
WHERE {
?s test:repotype ?v1 .
}
2022-12-13T22:56:54,047 [main] INFO org.aksw.limes.core.io.query.SparqlQueryModule 57 - Querying the endpoint.
2022-12-13T22:56:54,048 [main] INFO org.aksw.limes.core.io.query.SparqlQueryModule 72 - Getting statements 0 to 1000
2022-12-13T22:56:54,334 [main] INFO org.aksw.limes.core.io.query.SparqlQueryModule 158 - Retrieved 0 triples and 0 entities.
2022-12-13T22:56:54,340 [main] INFO org.aksw.limes.core.io.query.SparqlQueryModule 159 - Retrieving statements took 0.296 seconds.
2022-12-13T22:56:54,340 [main] INFO org.aksw.limes.core.io.cache.HybridCache 316 - Serializing 0 objects to /var/jenkins_home/workspace/Dsms_linking/cache/1483452141.ser
2022-12-13T22:56:54,362 [main] INFO org.aksw.limes.core.io.cache.HybridCache 115 - Checking for file /var/jenkins_home/workspace/Dsms_linking/cache/-769698621.ser
2022-12-13T22:56:54,362 [main] INFO org.aksw.limes.core.io.cache.HybridCache 118 - Found cached data. Loading data from file /var/jenkins_home/workspace/Dsms_linking/cache/-769698621.ser
2022-12-13T22:56:54,393 [main] INFO org.aksw.limes.core.io.cache.HybridCache 124 - Cached data loaded successfully from file /var/jenkins_home/workspace/Dsms_linking/cache/-769698621.ser
2022-12-13T22:56:54,395 [main] INFO org.aksw.limes.core.io.cache.HybridCache 125 - Size = 74
2022-12-13T22:56:54,491 [main] INFO org.aksw.limes.core.controller.Controller 222 - Mapping task finished in 55 ms
2022-12-13T22:56:54,491 [main] INFO org.aksw.limes.core.controller.Controller 226 - Mapping size: 0 (accepted) + 0 (need verification) = 0 (total)
2022-12-13T22:56:54,492 [main] INFO org.aksw.limes.core.controller.Controller 93 - Writing result files...
2022-12-13T22:56:54,494 [main] INFO org.aksw.limes.core.io.serializer.SerializerFactory 15 - Getting serializer with name TTL
2022-12-13T22:56:54,496 [main] INFO org.aksw.limes.core.controller.Controller 96 - Writing statistics file...
