2021-12-20 18:37:05 WARNING issue with unit arrangement formula:LiPt2Y calc_id:--YrN94eYny5kMEnm07p-Otv9O0u prop:has_cell_volume, unit:meter ** 3, c_unit:M3, check:1
2021-12-20 18:37:08 WARNING issue with unit arrangement formula:LaNi2Sn calc_id:-1EGnZBbzyxiFQsaa4wE798Bv0Cq prop:has_cell_volume, unit:meter ** 3, c_unit:M3, check:1
2021-12-20 18:37:10 WARNING issue with unit arrangement formula:MgPtTc calc_id:-1F8MS8VdEQ2BXzQQ1zNFdPubPfW prop:has_cell_volume, unit:meter ** 3, c_unit:M3, check:1
2021-12-20 18:37:12 WARNING issue with unit arrangement formula:NiRu2Sb calc_id:-4031-i92pMQUKC4ih0Qrn-jKEhv prop:has_cell_volume, unit:meter ** 3, c_unit:M3, check:1
2021-12-20 18:37:14 WARNING issue with unit arrangement formula:Os2RhTa calc_id:-46PIVdxQfOMUhF74Xf74xKrC60_ prop:has_cell_volume, unit:meter ** 3, c_unit:M3, check:1
2021-12-20 18:37:16 WARNING issue with unit arrangement formula:IrSn2Sr calc_id:-4AymXrZM7Yxo2rrVLvGd6Rc1DIj prop:has_cell_volume, unit:meter ** 3, c_unit:M3, check:1
2021-12-20 18:37:19 WARNING issue with unit arrangement formula:PRhZn2 calc_id:-5NA2QanSRrR2B2v3rXe9UpqS4Mc prop:has_cell_volume, unit:meter ** 3, c_unit:M3, check:1
2021-12-20 18:37:21 WARNING issue with unit arrangement formula:NaNb2W calc_id:-6t3lIZQgKJAlMEKOoLD2JuEXEQz prop:has_cell_volume, unit:meter ** 3, c_unit:M3, check:1
2021-12-20 18:37:23 WARNING issue with unit arrangement formula:NiSrW calc_id:-73JUA3NYjKlnAXEHuJELrhC0FiH prop:has_cell_volume, unit:meter ** 3, c_unit:M3, check:1
2021-12-20 18:37:25 WARNING issue with unit arrangement formula:Mo2NiRh calc_id:-75a9fJOGxWRUGpjuZTuS6ef1IgB prop:has_cell_volume, unit:meter ** 3, c_unit:M3, check:1
2021-12-20 18:37:31 WARNING issue with unit arrangement formula:PPd2Sb calc_id:-7yImpX_H18RHZfspYgPwQYemK_r prop:has_cell_volume, unit:meter ** 3, c_unit:M3, check:1
2021-12-20 18:37:33 WARNING issue with unit arrangement formula:Mn2SrTa calc_id:-8TS1RROVbXJjTT7D1wUUHPAEUnZ prop:has_cell_volume, unit:meter ** 3, c_unit:M3, check:1
2021-12-20 18:37:35 WARNING issue with unit arrangement formula:K2LiNa calc_id:-9d9EmIahLp2OhJZ1inqPmsqNS_X prop:has_cell_volume, unit:meter ** 3, c_unit:M3, check:1
2021-12-20 18:37:38 WARNING issue with unit arrangement formula:IrSrV2 calc_id:-9lK1efcmkwx9AnZ6-I_XAgL_D_Q prop:has_cell_volume, unit:meter ** 3, c_unit:M3, check:1
2021-12-20 18:37:40 WARNING issue with unit arrangement formula:Nb2TaTi calc_id:-A4pgzO6MUHXdBfvjU1ptKLHzdl8 prop:has_cell_volume, unit:meter ** 3, c_unit:M3, check:1
2021-12-20 18:37:42 WARNING issue with unit arrangement formula:Se2WZr calc_id:-DGJ3suIWpNdrst_1HLLDBLz3nB3 prop:has_cell_volume, unit:meter ** 3, c_unit:M3, check:1
2021-12-20 18:37:44 WARNING issue with unit arrangement formula:SeTa2Zr calc_id:-DxP92A2gW7HOr2zYbygSVt4SSpe prop:has_cell_volume, unit:meter ** 3, c_unit:M3, check:1
2021-12-20 18:37:46 WARNING issue with unit arrangement formula:Ni2SrTe calc_id:-Ex5yRauo2e8ODjmZqdA77pInpXC prop:has_cell_volume, unit:meter ** 3, c_unit:M3, check:1
2021-12-20 18:37:48 WARNING issue with unit arrangement formula:NaPdW2 calc_id:-GaDGL01cXJTNE1MjOiVanvYk-SB prop:has_cell_volume, unit:meter ** 3, c_unit:M3, check:1
2021-12-20 18:37:50 WARNING issue with unit arrangement formula:Ni2PtSr calc_id:-GzkY9-tqUhDHoogNOAl3FWQJ4bs prop:has_cell_volume, unit:meter ** 3, c_unit:M3, check:1
2021-12-20 18:37:57 WARNING issue with unit arrangement formula:MgNb2Rh calc_id:-H7EIlKE6bSWtas7iVpececPb2ac prop:has_cell_volume, unit:meter ** 3, c_unit:M3, check:1
2021-12-20 18:37:59 WARNING issue with unit arrangement formula:OsPt2Ti calc_id:-IDQ1JYsYMd3aOtZRC-Mvkk9wGt1 prop:has_cell_volume, unit:meter ** 3, c_unit:M3, check:1
2021-12-20 18:38:01 WARNING issue with unit arrangement formula:NbRu2Sr calc_id:-IMH71XOqnxNiFS9fe8aXa_oVnJj prop:has_cell_volume, unit:meter ** 3, c_unit:M3, check:1
2021-12-20 18:38:03 WARNING issue with unit arrangement formula:IrLa2Rh calc_id:-IeRpfnEDZThvreRiktXtQVCa8W6 prop:has_cell_volume, unit:meter ** 3, c_unit:M3, check:1
2021-12-20 18:38:05 WARNING issue with unit arrangement formula:NiRuSr2 calc_id:-K-lg1V-Qf6XgS-U2Fp3ntQuhXwC prop:has_cell_volume, unit:meter ** 3, c_unit:M3, check:1
2021-12-20 18:38:08 WARNING issue with unit arrangement formula:LiPdV2 calc_id:-KTc2DvW__6dRXqL4ze6BGWRmjz5 prop:has_cell_volume, unit:meter ** 3, c_unit:M3, check:1
2021-12-20 18:38:10 WARNING issue with unit arrangement formula:OsSr2Tl calc_id:-K_DiQBQEDaN2P2G8iwndv0dUQ77 prop:has_cell_volume, unit:meter ** 3, c_unit:M3, check:1
2021-12-20 18:38:12 WARNING issue with unit arrangement formula:NiSiTe calc_id:-LPolYKV503jhAGmde8YN-mHOiiQ prop:has_cell_volume, unit:meter ** 3, c_unit:M3, check:1
2021-12-20 18:38:14 WARNING issue with unit arrangement formula:PSbW calc_id:-MoRZx9wLM_AWfDwMdUTY4aUJW6D prop:has_cell_volume, unit:meter ** 3, c_unit:M3, check:1
2021-12-20 18:38:16 WARNING issue with unit arrangement formula:MoPd2Sn calc_id:-N4VNAlWw69VXL0iDlcugN5otkMz prop:has_cell_volume, unit:meter ** 3, c_unit:M3, check:1
2021-12-20 18:38:26 WARNING issue with unit arrangement formula:MoSrTe calc_id:-N7oW5tbkPVNkrlxmQDFWf8UBx07 prop:has_cell_volume, unit:meter ** 3, c_unit:M3, check:1
2021-12-20 18:38:28 WARNING issue with unit arrangement formula:IrMo2Nb calc_id:-NDobeodwNEYmHl7-k2pfD4-SELB prop:has_cell_volume, unit:meter ** 3, c_unit:M3, check:1
2021-12-20 18:38:30 WARNING issue with unit arrangement formula:MnTc2Tl calc_id:-O7HcG-YqwEF58hsxfdTTfuwnyja prop:has_cell_volume, unit:meter ** 3, c_unit:M3, check:1
2021-12-20 18:38:32 WARNING issue with unit arrangement formula:OsPSe calc_id:-OBa5gpUjqU87it0ivKIKDh8q3mv prop:has_cell_volume, unit:meter ** 3, c_unit:M3, check:1
2021-12-20 18:38:34 WARNING issue with unit arrangement formula:MnRhW2 calc_id:-O_MiNPnMw9_L6A8rJRd1L10G1J6 prop:has_cell_volume, unit:meter ** 3, c_unit:M3, check:1
2021-12-20 18:38:36 WARNING issue with unit arrangement formula:IrRhSi2 calc_id:-OrmWPtLPxp5UXMP0jArxLMBg9Ka prop:has_cell_volume, unit:meter ** 3, c_unit:M3, check:1
2021-12-20 18:38:38 WARNING issue with unit arrangement formula:Mg2YZr calc_id:-PBqsg0-6cakdA_zlc-K1-nmK2J_ prop:has_cell_volume, unit:meter ** 3, c_unit:M3, check:1
2021-12-20 18:38:41 WARNING issue with unit arrangement formula:InNbRu2 calc_id:-QBK5rYxXvLV3RmGRCpVRbhP5k8d prop:has_cell_volume, unit:meter ** 3, c_unit:M3, check:1
2021-12-20 18:38:43 WARNING issue with unit arrangement formula:Nb2PbSe calc_id:-QZZnQUjLlBQ5S8aMlQOcMspqWS0 prop:has_cell_volume, unit:meter ** 3, c_unit:M3, check:1
2021-12-20 18:38:45 WARNING issue with unit arrangement formula:Sb2TeTi calc_id:-SZE2uHTd3vfbqGGPZ_ho_BSEsIb prop:has_cell_volume, unit:meter ** 3, c_unit:M3, check:1
2021-12-20 18:38:51 WARNING issue with unit arrangement formula:Nb2ReSi calc_id:-UHFNtXd4r4KfHEPOVHchz01FZjr prop:has_cell_volume, unit:meter ** 3, c_unit:M3, check:1
2021-12-20 18:38:53 WARNING issue with unit arrangement formula:NaNiPd calc_id:-VE_jelJN0E49KQyPwY6SO2Uzjc1 prop:has_cell_volume, unit:meter ** 3, c_unit:M3, check:1
2021-12-20 18:38:55 WARNING issue with unit arrangement formula:SiSrTl2 calc_id:-VgWbdp_KN6hUAD51aP4tbJGMTS5 prop:has_cell_volume, unit:meter ** 3, c_unit:M3, check:1
2021-12-20 18:38:57 WARNING issue with unit arrangement formula:InOs2Tl calc_id:-XUzEL-8SqEgBwJTu1rsWBg0u6sQ prop:has_cell_volume, unit:meter ** 3, c_unit:M3, check:1
2021-12-20 18:39:00 WARNING issue with unit arrangement formula:NiOsW2 calc_id:-Y00kTP3NFTudavzWQAN3D6dF68_ prop:has_cell_volume, unit:meter ** 3, c_unit:M3, check:1
2021-12-20 18:39:02 WARNING issue with unit arrangement formula:OsPPd2 calc_id:-Y6mBwUtkGfJZARCdQLdC-L4_tIh prop:has_cell_volume, unit:meter ** 3, c_unit:M3, check:1
2021-12-20 18:39:04 WARNING issue with unit arrangement formula:MgSc2Ta calc_id:-YPpw_8dLVxMO_fyo9ZguLeUzFDy prop:has_cell_volume, unit:meter ** 3, c_unit:M3, check:1
2021-12-20 18:39:06 WARNING issue with unit arrangement formula:PbTlZr2 calc_id:-Yef0xo8j_5OdQWyrBVVXRpXa6Cq prop:has_cell_volume, unit:meter ** 3, c_unit:M3, check:1
2021-12-20 18:39:08 WARNING issue with unit arrangement formula:MgNaZn calc_id:-Yj0Qel1FqCvFvkh7vGO2w8paS-D prop:has_cell_volume, unit:meter ** 3, c_unit:M3, check:1
2021-12-20 18:39:10 WARNING issue with unit arrangement formula:Rh2SeV calc_id:-Ykn6GZYCVt9DFWRV161C0JzODvQ prop:has_cell_volume, unit:meter ** 3, c_unit:M3, check:1
2021-12-20 18:39:20 WARNING issue with unit arrangement formula:NiY2Zr calc_id:-Ynz1zt85HgFVW4sOxNZ5CUPwVQ2 prop:has_cell_volume, unit:meter ** 3, c_unit:M3, check:1
2021-12-20 18:39:22 WARNING issue with unit arrangement formula:NaTc2Zn calc_id:-Z0_J3AbdUm-zDFoMfo2q1MM2LaG prop:has_cell_volume, unit:meter ** 3, c_unit:M3, check:1
2021-12-20 18:39:24 WARNING issue with unit arrangement formula:OsPdSi2 calc_id:-Z3eiyVoM-6Gqvm2ALaZuZcsU-pY prop:has_cell_volume, unit:meter ** 3, c_unit:M3, check:1
2021-12-20 18:39:26 WARNING issue with unit arrangement formula:MnPbRe2 calc_id:-ZGfsJn0z7CrUbzanf02swrJ_siM prop:has_cell_volume, unit:meter ** 3, c_unit:M3, check:1
2021-12-20 18:39:28 WARNING issue with unit arrangement formula:OsScTa calc_id:-_tipm4YTlWdyrdAWXuO5Rc_ms1_ prop:has_cell_volume, unit:meter ** 3, c_unit:M3, check:1
2021-12-20 18:39:30 WARNING issue with unit arrangement formula:OsTi2Zr calc_id:-_xCF7LwSdQ62zncGAgh7GbR_Vut prop:has_cell_volume, unit:meter ** 3, c_unit:M3, check:1
2021-12-20 18:39:33 WARNING issue with unit arrangement formula:InNbSb2 calc_id:-aYNE1YFLU8q8kFqGUxItQRdmu-j prop:has_cell_volume, unit:meter ** 3, c_unit:M3, check:1
2021-12-20 18:39:35 WARNING issue with unit arrangement formula:InPTc2 calc_id:-c4Y8bcNUU6D4AETIa4X9_X-5_HX prop:has_cell_volume, unit:meter ** 3, c_unit:M3, check:1
2021-12-20 18:39:37 WARNING issue with unit arrangement formula:Ni2TlZr calc_id:-cX7Adw1ClsSAVnhCFGLYLmz_B5L prop:has_cell_volume, unit:meter ** 3, c_unit:M3, check:1
2021-12-20 18:39:39 WARNING issue with unit arrangement formula:Na2SbTa calc_id:-dORWQUJPZhJcWqR3h0X_-C10AKY prop:has_cell_volume, unit:meter ** 3, c_unit:M3, check:1
2021-12-20 18:39:45 WARNING issue with unit arrangement formula:La2SiSr calc_id:-fYYmP2ExsAQmwVO-9An67YJ7TC4 prop:has_cell_volume, unit:meter ** 3, c_unit:M3, check:1
2021-12-20 18:39:47 WARNING issue with unit arrangement formula:IrMg2Sc calc_id:-foq6_rswKRF7gdyIidBNo-xRBOm prop:has_cell_volume, unit:meter ** 3, c_unit:M3, check:1
2021-12-20 18:39:50 WARNING issue with unit arrangement formula:InNbPd2 calc_id:-gFSSKoNl5zU1PU1hFZWjLy9iiyg prop:has_cell_volume, unit:meter ** 3, c_unit:M3, check:1
2021-12-20 18:39:52 WARNING issue with unit arrangement formula:PSnTi calc_id:-hARbq6ZFK3P4wE-zUOaiU_YP47M prop:has_cell_volume, unit:meter ** 3, c_unit:M3, check:1
2021-12-20 18:39:54 WARNING issue with unit arrangement formula:Li2PSn calc_id:-hNC9g6QtS2TI-6GkRbd8w8eGgQF prop:has_cell_volume, unit:meter ** 3, c_unit:M3, check:1
2021-12-20 18:39:56 WARNING issue with unit arrangement formula:Nb2TcTe calc_id:-hPDMkkXqwRsOUaj5f9TCwpxU2s5 prop:has_cell_volume, unit:meter ** 3, c_unit:M3, check:1
2021-12-20 18:39:58 WARNING issue with unit arrangement formula:Mg2SnSr calc_id:-i7GITZczwTVa2y1SmutGLHck_OH prop:has_cell_volume, unit:meter ** 3, c_unit:M3, check:1
2021-12-20 18:40:00 WARNING issue with unit arrangement formula:OsTa2V calc_id:-jgrdIWCTUqUTc0KYHxOLogY_9_v prop:has_cell_volume, unit:meter ** 3, c_unit:M3, check:1
2021-12-20 18:40:03 WARNING issue with unit arrangement formula:SeSr2Tl calc_id:-jkIuxm9Vxe3IdbtT_aoIRmSU5Ee prop:has_cell_volume, unit:meter ** 3, c_unit:M3, check:1
2021-12-20 18:40:05 WARNING issue with unit arrangement formula:RuTlY2 calc_id:-kUQvKpu96HjXiEDDmsNtEZquo7U prop:has_cell_volume, unit:meter ** 3, c_unit:M3, check:1
2021-12-20 18:40:11 WARNING issue with unit arrangement formula:RuSbZr2 calc_id:-kZ1NrQQCayA3pJNKnZnoH_ir52N prop:has_cell_volume, unit:meter ** 3, c_unit:M3, check:1
2021-12-20 18:40:13 WARNING issue with unit arrangement formula:IrLiTc2 calc_id:-mBlJD5jp0G9O6rpRBHsxXow35UX prop:has_cell_volume, unit:meter ** 3, c_unit:M3, check:1
2021-12-20 18:40:15 WARNING issue with unit arrangement formula:LaSeZn2 calc_id:-mMpmH1F9f_GFhcNrX9Rm68gsZSY prop:has_cell_volume, unit:meter ** 3, c_unit:M3, check:1
2021-12-20 18:40:17 WARNING issue with unit arrangement formula:MoRhY calc_id:-mhPNmCmCfchR8oNq9kFfeWnJh8x prop:has_cell_volume, unit:meter ** 3, c_unit:M3, check:1
2021-12-20 18:40:20 WARNING issue with unit arrangement formula:LiMnZn2 calc_id:-nOsg7hrh7GAbR7GM8cDx5-nf-fX prop:has_cell_volume, unit:meter ** 3, c_unit:M3, check:1
2021-12-20 18:40:22 WARNING issue with unit arrangement formula:MgReSc2 calc_id:-ndzSH8LHUKqEDAhsYKYkCm_-HUg prop:has_cell_volume, unit:meter ** 3, c_unit:M3, check:1
2021-12-20 18:40:24 WARNING issue with unit arrangement formula:In2NbRu calc_id:-oipVMkiPnOqMg4mlgJZEtfdZ3ss prop:has_cell_volume, unit:meter ** 3, c_unit:M3, check:1
2021-12-20 18:40:26 WARNING issue with unit arrangement formula:LiTe2Tl calc_id:-pI8L02G8IO3jGfN6DJVcgRy7U1k prop:has_cell_volume, unit:meter ** 3, c_unit:M3, check:1
2021-12-20 18:40:28 WARNING issue with unit arrangement formula:Mn2RhRu calc_id:-pLW_XdExQMLRaBAbWRJ2SnSpNuH prop:has_cell_volume, unit:meter ** 3, c_unit:M3, check:1
2021-12-20 18:40:30 WARNING issue with unit arrangement formula:P2ReZn calc_id:-pM1IbvnMd_IH7yx7qIuhjBfUy7N prop:has_cell_volume, unit:meter ** 3, c_unit:M3, check:1
2021-12-20 18:40:38 WARNING issue with unit arrangement formula:Nb2SbSn calc_id:-pWvPsQo2c0h0OTAtlyKS0ylh-cI prop:has_cell_volume, unit:meter ** 3, c_unit:M3, check:1
2021-12-20 18:40:40 WARNING issue with unit arrangement formula:MgOsTe2 calc_id:-piKnVoJhp_oSRElE6Lj3iL57EfZ prop:has_cell_volume, unit:meter ** 3, c_unit:M3, check:1
2021-12-20 18:40:42 WARNING issue with unit arrangement formula:PtSrZr2 calc_id:-qjrXklBclN2g-VcL1f8rcl_Xrkb prop:has_cell_volume, unit:meter ** 3, c_unit:M3, check:1
2021-12-20 18:40:44 WARNING issue with unit arrangement formula:K2LaRh calc_id:-r8OAQxSsO2UTTea3AMyUEuAqW-S prop:has_cell_volume, unit:meter ** 3, c_unit:M3, check:1
2021-12-20 18:40:46 WARNING issue with unit arrangement formula:MnPbSn2 calc_id:-rTeWbzryIc7vem8V17QOgLQkKJt prop:has_cell_volume, unit:meter ** 3, c_unit:M3, check:1
2021-12-20 18:40:49 WARNING issue with unit arrangement formula:Mg2ZnZr calc_id:-rbSFrAMa3U7rIXiLk0s_AEta-Ve prop:has_cell_volume, unit:meter ** 3, c_unit:M3, check:1
2021-12-20 18:40:51 WARNING issue with unit arrangement formula:RhSbSi calc_id:-rbZ_WG7ZPQ-RLrOBQd24HKZKgHN prop:has_cell_volume, unit:meter ** 3, c_unit:M3, check:1
2021-12-20 18:40:53 WARNING issue with unit arrangement formula:LaMoRh2 calc_id:-sA3_q2rItiGYHgO3AU54eT7Iloj prop:has_cell_volume, unit:meter ** 3, c_unit:M3, check:1
2021-12-20 18:40:55 WARNING issue with unit arrangement formula:La2OsW calc_id:-sSC7dK1QtnFZ7zCg7vuHVthJbtK prop:has_cell_volume, unit:meter ** 3, c_unit:M3, check:1
2021-12-20 18:40:57 WARNING issue with unit arrangement formula:OsSn2Y calc_id:-sYkApByo8muGCMOpFC51ehfi8WC prop:has_cell_volume, unit:meter ** 3, c_unit:M3, check:1
2021-12-20 18:41:01 WARNING issue with unit arrangement formula:ReTiW calc_id:-sZ7XPv-h_GpqDuazErINemV5dTw prop:has_cell_volume, unit:meter ** 3, c_unit:M3, check:1
2021-12-20 18:41:03 WARNING issue with unit arrangement formula:MgTiV2 calc_id:-tM1mefITtlD2v8WKspOFQ9gO2jT prop:has_cell_volume, unit:meter ** 3, c_unit:M3, check:1
2021-12-20 18:41:05 WARNING issue with unit arrangement formula:Os2PbY calc_id:-tpzVeNzSwIiaI2k3Us30Uo6RiLY prop:has_cell_volume, unit:meter ** 3, c_unit:M3, check:1
2021-12-20 18:41:08 WARNING issue with unit arrangement formula:LiOs2Ru calc_id:-uEdXfzIsN61Lcm5e740-BNxUnsK prop:has_cell_volume, unit:meter ** 3, c_unit:M3, check:1
2021-12-20 18:41:10 WARNING issue with unit arrangement formula:PdTlV2 calc_id:-ulb9IOP9BqBHjdbXI4aGqng6wtv prop:has_cell_volume, unit:meter ** 3, c_unit:M3, check:1
2021-12-20 18:41:12 WARNING issue with unit arrangement formula:LiPPd2 calc_id:-vxIFp3hhQ3yJ6xjVNllG6ofqxvp prop:has_cell_volume, unit:meter ** 3, c_unit:M3, check:1
2021-12-20 18:41:14 WARNING issue with unit arrangement formula:KRh2V calc_id:-wRsFiw1NFYR4-HDyciSQUQ5Y6rf prop:has_cell_volume, unit:meter ** 3, c_unit:M3, check:1
2021-12-20 18:41:16 WARNING issue with unit arrangement formula:MgOsSc2 calc_id:-wo5UyuNSzdXjD-WY8ZvzR-PMu0B prop:has_cell_volume, unit:meter ** 3, c_unit:M3, check:1
2021-12-20 18:41:18 WARNING issue with unit arrangement formula:KPdSn2 calc_id:-x11DEbAwuwVGtTxU8YpRXOpUtGy prop:has_cell_volume, unit:meter ** 3, c_unit:M3, check:1
2021-12-20 18:41:21 WARNING issue with unit arrangement formula:PdScTe2 calc_id:-xEFcRcRvfNGFie8vXitu1ZOCl4o prop:has_cell_volume, unit:meter ** 3, c_unit:M3, check:1
2021-12-27 14:32:45 WARNING issue with unit arrangement formula:In2NiPb calc_id:-xzgq_zssoJ3MOZBU4tLGXjPz40H prop:has_cell_volume, unit:meter ** 3, c_unit:M3, check:1
2021-12-27 14:32:47 WARNING issue with unit arrangement formula:Os2TaZr calc_id:-yOLwRmhBRMH9q03vCJ226ntDrTa prop:has_cell_volume, unit:meter ** 3, c_unit:M3, check:1
2021-12-27 14:32:49 WARNING issue with unit arrangement formula:MoTc2V calc_id:-yhn-lP_qgk8Z6HP1AwY38Jh7fVI prop:has_cell_volume, unit:meter ** 3, c_unit:M3, check:1
2021-12-27 14:32:51 WARNING issue with unit arrangement formula:LaNbZn2 calc_id:-yxhvXkEc1vJvUZ0SYxaKv4h8XMP prop:has_cell_volume, unit:meter ** 3, c_unit:M3, check:1
2021-12-27 14:32:54 WARNING issue with unit arrangement formula:SiVZr2 calc_id:-z8eCePIDykLO1MriOG5ntyPuzhu prop:has_cell_volume, unit:meter ** 3, c_unit:M3, check:1
2021-12-27 14:32:56 WARNING issue with unit arrangement formula:PPtY2 calc_id:0-rNuC5V_3Rh7K4t0wM8M3mDYs13 prop:has_cell_volume, unit:meter ** 3, c_unit:M3, check:1
2021-12-27 14:32:58 WARNING issue with unit arrangement formula:La2PbV calc_id:0-voXcEfFgnVxFMfE0ap59_aFC-s prop:has_cell_volume, unit:meter ** 3, c_unit:M3, check:1
2021-12-27 14:33:00 WARNING issue with unit arrangement formula:PdV2Y calc_id:00kNuuS9e_jomA3DowFPwFEdU47n prop:has_cell_volume, unit:meter ** 3, c_unit:M3, check:1
2021-12-27 14:33:02 WARNING issue with unit arrangement formula:SeZn2Zr calc_id:00lvLt50EydpQtTZ0WEvTXvhbZ8q prop:has_cell_volume, unit:meter ** 3, c_unit:M3, check:1
2021-12-27 14:33:05 WARNING issue with unit arrangement formula:Mn2NiTc calc_id:00rtfI0nWgUy9HwGqqG7UMy1mMoq prop:has_cell_volume, unit:meter ** 3, c_unit:M3, check:1
2021-12-27 14:33:12 WARNING issue with unit arrangement formula:KNbZn2 calc_id:01EzOXxO1T5epXM2nXPiglz4x1x1 prop:has_cell_volume, unit:meter ** 3, c_unit:M3, check:1
2021-12-27 14:33:14 WARNING issue with unit arrangement formula:Ni2SrTe calc_id:01IJLWM0avluQGhNUFXtOkp31Jvm prop:has_cell_volume, unit:meter ** 3, c_unit:M3, check:1
2021-12-27 14:33:16 WARNING issue with unit arrangement formula:Li2MgSr calc_id:01QRBh5tpvdo2xSkIXYSzDERhSR- prop:has_cell_volume, unit:meter ** 3, c_unit:M3, check:1
2021-12-27 14:33:18 WARNING issue with unit arrangement formula:Na2SbZn calc_id:020h1cf6rpKoIvawCt1sHqkbtQUD prop:has_cell_volume, unit:meter ** 3, c_unit:M3, check:1
2021-12-27 14:33:20 WARNING issue with unit arrangement formula:La2LiRu calc_id:02WkXNbvy8a4As-D3m65e4Vd8Qpd prop:has_cell_volume, unit:meter ** 3, c_unit:M3, check:1
2021-12-27 14:33:22 WARNING issue with unit arrangement formula:OsRhSe2 calc_id:02pcMZWMYQ_S8UwEpRgG7FUuk1j6 prop:has_cell_volume, unit:meter ** 3, c_unit:M3, check:1
2021-12-27 14:33:25 WARNING issue with unit arrangement formula:La2NiPd calc_id:03WnyjGRRNAQOJt9elqKz9x_RJPj prop:has_cell_volume, unit:meter ** 3, c_unit:M3, check:1
2021-12-27 14:33:27 WARNING issue with unit arrangement formula:LiRh2Se calc_id:04rZPy33mS8_H_Ny6zj9Sk48d8ec prop:has_cell_volume, unit:meter ** 3, c_unit:M3, check:1
2021-12-27 14:33:29 WARNING issue with unit arrangement formula:KMo4Se calc_id:05Er2pfQM08MSTQOnWSpM7g3Sn21 prop:has_cell_volume, unit:meter ** 3, c_unit:M3, check:1
2021-12-27 14:33:31 WARNING issue with unit arrangement formula:MgRuY2 calc_id:05FgiB2OUiyS6OOxTOVVlAsVKPE5 prop:has_cell_volume, unit:meter ** 3, c_unit:M3, check:1
2021-12-27 14:33:40 WARNING issue with unit arrangement formula:PbSbTc2 calc_id:05Xw0dqMYx4LPnPmQtTmnuKk5MVt prop:has_cell_volume, unit:meter ** 3, c_unit:M3, check:1
2021-12-27 14:33:42 WARNING issue with unit arrangement formula:Pd2ScSn calc_id:05dVx7RsNDmKjFz6hxU9W5hpbdvX prop:has_cell_volume, unit:meter ** 3, c_unit:M3, check:1
2021-12-27 14:33:44 WARNING issue with unit arrangement formula:IrNiSb calc_id:068Dby2Kv0vXdp2MIdzjoyII_3bb prop:has_cell_volume, unit:meter ** 3, c_unit:M3, check:1
2021-12-27 14:33:46 WARNING issue with unit arrangement formula:NiSeZn2 calc_id:078KTmNNnwYpOXBPqt67pwI_8pUO prop:has_cell_volume, unit:meter ** 3, c_unit:M3, check:1
2021-12-27 14:33:49 WARNING issue with unit arrangement formula:NbOs2Pt calc_id:07G7mw8EZwDx_AoiOWvJf4OJfIgw prop:has_cell_volume, unit:meter ** 3, c_unit:M3, check:1
2021-12-27 14:33:51 WARNING issue with unit arrangement formula:P2PdRh calc_id:07NiO_Bkdgzes6T6_EXh2hSdH4b9 prop:has_cell_volume, unit:meter ** 3, c_unit:M3, check:1
2021-12-27 14:33:53 WARNING issue with unit arrangement formula:Rh2SbSr calc_id:07nMCm3B0SEvP6ameAn5vIpabc6Z prop:has_cell_volume, unit:meter ** 3, c_unit:M3, check:1
2021-12-27 14:33:55 WARNING issue with unit arrangement formula:La2MoNa calc_id:0993yT2rbjsXmgOPnQNHHHwqxL2R prop:has_cell_volume, unit:meter ** 3, c_unit:M3, check:1
2021-12-27 14:33:57 WARNING issue with unit arrangement formula:NbReSr2 calc_id:09WxRdveJIhfRY6NQDY9CXrcmPQh prop:has_cell_volume, unit:meter ** 3, c_unit:M3, check:1
2021-12-27 14:33:59 WARNING issue with unit arrangement formula:SeTa2Zr calc_id:0BFmThgimbm-oA1jo4j97gWl96aa prop:has_cell_volume, unit:meter ** 3, c_unit:M3, check:1
2021-12-27 14:34:07 WARNING issue with unit arrangement formula:Mg2PbSn calc_id:0BLIeWfSpaAMX_0Fgl0erQJ_jsd3 prop:has_cell_volume, unit:meter ** 3, c_unit:M3, check:1
2021-12-27 14:34:09 WARNING issue with unit arrangement formula:ReYZn calc_id:0Bn3m_0gI3x0TKRq7CVOfLevRepq prop:has_cell_volume, unit:meter ** 3, c_unit:M3, check:1
2021-12-27 14:34:11 WARNING issue with unit arrangement formula:Na2ReSn calc_id:0Cw8gfdYidgs9cjhJfxI7VPHEUoN prop:has_cell_volume, unit:meter ** 3, c_unit:M3, check:1
2021-12-27 14:34:13 WARNING issue with unit arrangement formula:MgMnNb calc_id:0EE2xwGryGX1mg9Y5SIZ0Iw7P_O_ prop:has_cell_volume, unit:meter ** 3, c_unit:M3, check:1
2021-12-27 14:34:15 WARNING issue with unit arrangement formula:NaP2Ta calc_id:0EK37hanQ05lT30C35dGedkOHJdo prop:has_cell_volume, unit:meter ** 3, c_unit:M3, check:1
2021-12-27 14:34:17 WARNING issue with unit arrangement formula:PtTi2Tl calc_id:0FagyFE9g2ItwB4gJM3MjYj7FqvE prop:has_cell_volume, unit:meter ** 3, c_unit:M3, check:1
2021-12-27 14:34:20 WARNING issue with unit arrangement formula:In4NbP calc_id:0GZcFg_U5iDQJH_V6VyQ1caXx_iR prop:has_cell_volume, unit:meter ** 3, c_unit:M3, check:1
2021-12-27 14:34:22 WARNING issue with unit arrangement formula:IrRhSb2 calc_id:0I0pIp7vE-fQx0smeRTIO6uXk19S prop:has_cell_volume, unit:meter ** 3, c_unit:M3, check:1
2021-12-27 14:34:24 WARNING issue with unit arrangement formula:LaMo2Pt calc_id:0IvnwW_FmpjmbLn0jgAFzhH65m7K prop:has_cell_volume, unit:meter ** 3, c_unit:M3, check:1
2021-12-27 14:34:26 WARNING issue with unit arrangement formula:LiNiTe2 calc_id:0IzirnjRFjhjCU8qB3ruXVUlUCvB prop:has_cell_volume, unit:meter ** 3, c_unit:M3, check:1
2021-12-27 14:34:33 WARNING issue with unit arrangement formula:RhRuY2 calc_id:0JPpg-s1jTU0D9leCnpNJec1sISb prop:has_cell_volume, unit:meter ** 3, c_unit:M3, check:1
2021-12-27 14:34:35 WARNING issue with unit arrangement formula:MgTlZn calc_id:0K26QKib-EkUbV9sz48MfgGkskSz prop:has_cell_volume, unit:meter ** 3, c_unit:M3, check:1
2021-12-27 14:34:38 WARNING issue with unit arrangement formula:Os2SnV calc_id:0KC3H9GTL00Ryqn9EQgoNr2A_l3M prop:has_cell_volume, unit:meter ** 3, c_unit:M3, check:1
2021-12-27 14:34:40 WARNING issue with unit arrangement formula:KMoSn2 calc_id:0L26ZCsUirB6emadzZWgnwA1nwaw prop:has_cell_volume, unit:meter ** 3, c_unit:M3, check:1
2021-12-27 14:34:42 WARNING issue with unit arrangement formula:NaZnZr calc_id:0L5HsBHn7IeMTQdvuwCLHlf3EesO prop:has_cell_volume, unit:meter ** 3, c_unit:M3, check:1
2021-12-27 14:34:44 WARNING issue with unit arrangement formula:MgTaTi2 calc_id:0LObwTk1v2vMsmtvHmza8VJvc5Q4 prop:has_cell_volume, unit:meter ** 3, c_unit:M3, check:1
2021-12-27 14:34:46 WARNING issue with unit arrangement formula:Mo2NaZr calc_id:0LY2iXfJsFJZPU5bffPlSlDsLtgE prop:has_cell_volume, unit:meter ** 3, c_unit:M3, check:1
2021-12-27 14:34:48 WARNING issue with unit arrangement formula:MgRu2Y calc_id:0MAqP5-QHUm7kbgmf01bH6Bbu7IV prop:has_cell_volume, unit:meter ** 3, c_unit:M3, check:1
2021-12-27 14:34:51 WARNING issue with unit arrangement formula:MgTaV2 calc_id:0NIR3OS6ccY6_f6T6RGNRJTXXFN1 prop:has_cell_volume, unit:meter ** 3, c_unit:M3, check:1
2021-12-27 14:34:53 WARNING issue with unit arrangement formula:Pd2RhSr calc_id:0NKBrQpbZLQhWv_RX-BI8EkkrOw6 prop:has_cell_volume, unit:meter ** 3, c_unit:M3, check:1
2021-12-27 14:35:00 WARNING issue with unit arrangement formula:Mg2NaNb calc_id:0NQqATJ3tbfoX6jXBQl1JEXH_1ZX prop:has_cell_volume, unit:meter ** 3, c_unit:M3, check:1
2021-12-27 14:35:02 WARNING issue with unit arrangement formula:NiSiTa2 calc_id:0NYhcpPG9W2N6_Zeqwoco8KHbaE8 prop:has_cell_volume, unit:meter ** 3, c_unit:M3, check:1
2021-12-27 14:35:04 WARNING issue with unit arrangement formula:Mn2MoNb calc_id:0OBR24XOVa87chTcOyZ5XX0ts8gv prop:has_cell_volume, unit:meter ** 3, c_unit:M3, check:1
2021-12-27 14:35:06 WARNING issue with unit arrangement formula:La2MnTe calc_id:0PI-9NIGFQ4t1v-IoU3LXIf8WSz3 prop:has_cell_volume, unit:meter ** 3, c_unit:M3, check:1
2021-12-27 14:35:08 WARNING issue with unit arrangement formula:Mg2RhW calc_id:0Q0IouignbfwhLfHMoetVuepubcq prop:has_cell_volume, unit:meter ** 3, c_unit:M3, check:1
2021-12-27 14:35:10 WARNING issue with unit arrangement formula:MgSn2Te calc_id:0SDdlHPniAqMhcRCQTHdbFKZ94FI prop:has_cell_volume, unit:meter ** 3, c_unit:M3, check:1
2021-12-27 14:35:13 WARNING issue with unit arrangement formula:MgTaZn calc_id:0TVJcWdcCGhZKQF0FzQ3mnkmkLyR prop:has_cell_volume, unit:meter ** 3, c_unit:M3, check:1
2021-12-27 14:35:15 WARNING issue with unit arrangement formula:IrPt2Si calc_id:0ThmefTbepjLI6s4FyOp_o1ex3b7 prop:has_cell_volume, unit:meter ** 3, c_unit:M3, check:1
2021-12-27 14:35:17 WARNING issue with unit arrangement formula:MoRuSn2 calc_id:0TqhlPWzmzpM4PTybVOUEg2aelVP prop:has_cell_volume, unit:meter ** 3, c_unit:M3, check:1
2021-12-27 14:35:19 WARNING issue with unit arrangement formula:Re2SnZr calc_id:0UoxQAA2ua2cWIV8a6JThiBSrDrY prop:has_cell_volume, unit:meter ** 3, c_unit:M3, check:1
2021-12-27 14:35:28 WARNING issue with unit arrangement formula:La2SeW calc_id:0Ush776qtUXADvQynTSyCexaukm_ prop:has_cell_volume, unit:meter ** 3, c_unit:M3, check:1
2021-12-27 14:35:30 WARNING issue with unit arrangement formula:InReSc2 calc_id:0UtrrQPjE3DaEcfpDXyJCmpOH13O prop:has_cell_volume, unit:meter ** 3, c_unit:M3, check:1
2021-12-27 14:35:32 WARNING issue with unit arrangement formula:Na2PbTl calc_id:0VYZm7feS4-TKRqadvW5-USXokv5 prop:has_cell_volume, unit:meter ** 3, c_unit:M3, check:1
2021-12-27 14:35:34 WARNING issue with unit arrangement formula:RuSrY2 calc_id:0WpIA3pii1DeE5D_pEpNVJ68NLDd prop:has_cell_volume, unit:meter ** 3, c_unit:M3, check:1
2021-12-27 14:35:37 WARNING issue with unit arrangement formula:PbTc2W calc_id:0WpqkSl-uA_6euiU_0x5i8BKTR-d prop:has_cell_volume, unit:meter ** 3, c_unit:M3, check:1
2021-12-27 14:35:39 WARNING issue with unit arrangement formula:MgMo2Zn calc_id:0YR8KhSSjU4g4fkQB62RyXi-HII8 prop:has_cell_volume, unit:meter ** 3, c_unit:M3, check:1
2021-12-27 14:35:41 WARNING issue with unit arrangement formula:Nb2TaTc calc_id:0Z0y66EmHXKIU7aoimZ6NSTiq1ps prop:has_cell_volume, unit:meter ** 3, c_unit:M3, check:1
2021-12-27 14:35:43 WARNING issue with unit arrangement formula:La4PdTa calc_id:0ZD70GNyjtxZFbC2Zf2H6z-7S1Vr prop:has_cell_volume, unit:meter ** 3, c_unit:M3, check:1
2021-12-27 14:35:45 WARNING issue with unit arrangement formula:PdTa2Ti calc_id:0a4qRe86oF8MWsT7GQZECXSTEhGa prop:has_cell_volume, unit:meter ** 3, c_unit:M3, check:1
2021-12-27 14:35:47 WARNING issue with unit arrangement formula:IrPdY2 calc_id:0azKDlVEtMrrdBPWzAAh_NGuDZiL prop:has_cell_volume, unit:meter ** 3, c_unit:M3, check:1
2021-12-27 14:35:55 WARNING issue with unit arrangement formula:Mn2VZr calc_id:0b818guk30qANu7ZzCa3iVVnlAsX prop:has_cell_volume, unit:meter ** 3, c_unit:M3, check:1
2021-12-27 14:35:57 WARNING issue with unit arrangement formula:IrMnY2 calc_id:0cgkI7n3aprjUjWA9kCTFN80fovf prop:has_cell_volume, unit:meter ** 3, c_unit:M3, check:1
2021-12-27 14:35:59 WARNING issue with unit arrangement formula:Mo2ReTe calc_id:0cq5XKFBqN6rPnBQ4_j9Aa57txiF prop:has_cell_volume, unit:meter ** 3, c_unit:M3, check:1
2021-12-27 14:36:01 WARNING issue with unit arrangement formula:LiNb2Os calc_id:0dPJ0uPg4WpgrfT9k6wYF2IspJCX prop:has_cell_volume, unit:meter ** 3, c_unit:M3, check:1
2021-12-27 14:36:03 WARNING issue with unit arrangement formula:PdTa2Zn calc_id:0e0I4ueR_BhHq5HIWT9zWm_jNHU4 prop:has_cell_volume, unit:meter ** 3, c_unit:M3, check:1
2021-12-27 14:36:05 WARNING issue with unit arrangement formula:PbTiTl2 calc_id:0fCMWZ9NSsISvY5UsV_F_l5qWi4p prop:has_cell_volume, unit:meter ** 3, c_unit:M3, check:1
2021-12-27 14:36:08 WARNING issue with unit arrangement formula:Mo2PtTe calc_id:0fUf-lPE7QP44MMYTy0TRND3W61x prop:has_cell_volume, unit:meter ** 3, c_unit:M3, check:1
2021-12-27 14:36:10 WARNING issue with unit arrangement formula:NbRuSb2 calc_id:0h9s48xNeyNUZctmqejgEtKh8XqM prop:has_cell_volume, unit:meter ** 3, c_unit:M3, check:1
2021-12-27 14:36:12 WARNING issue with unit arrangement formula:PRu2Si calc_id:0hrVUCFGhm7HpWvSg9rDZyrDNynR prop:has_cell_volume, unit:meter ** 3, c_unit:M3, check:1
2021-12-27 14:36:14 WARNING issue with unit arrangement formula:NiTe2W calc_id:0iByBnR_HQU8lMF3qCfTNZROggB4 prop:has_cell_volume, unit:meter ** 3, c_unit:M3, check:1
2021-12-27 14:36:21 WARNING issue with unit arrangement formula:IrPt2Ru calc_id:0iz4sDMUW6wSlC2rLkKpyVsB-EUw prop:has_cell_volume, unit:meter ** 3, c_unit:M3, check:1
2021-12-27 14:36:24 WARNING issue with unit arrangement formula:Ir2PbPd calc_id:0jXmGMkaxGJHwoLzOC_CS3Vu6js0 prop:has_cell_volume, unit:meter ** 3, c_unit:M3, check:1
2021-12-27 14:36:26 WARNING issue with unit arrangement formula:SeSrTe2 calc_id:0jgSgN00ocdTKuypp_3wjiAboczo prop:has_cell_volume, unit:meter ** 3, c_unit:M3, check:1
2021-12-27 14:36:28 WARNING issue with unit arrangement formula:PbPtW2 calc_id:0jpatjuPodSFQzcUsyyASODjeCOO prop:has_cell_volume, unit:meter ** 3, c_unit:M3, check:1
2021-12-27 14:36:30 WARNING issue with unit arrangement formula:LaScTa calc_id:0kRNppRB_-qq51CgYHlB1CHdClgw prop:has_cell_volume, unit:meter ** 3, c_unit:M3, check:1
2021-12-27 14:36:32 WARNING issue with unit arrangement formula:LaNiTc2 calc_id:0kSBHxwLiNjG-d7jbW0WXcSmGOZc prop:has_cell_volume, unit:meter ** 3, c_unit:M3, check:1
2021-12-27 14:36:34 WARNING issue with unit arrangement formula:MgTaTe2 calc_id:0oYQSIUx7YsBD7ENGFIYBX41ZotU prop:has_cell_volume, unit:meter ** 3, c_unit:M3, check:1
2021-12-27 14:36:37 WARNING issue with unit arrangement formula:KMgPd2 calc_id:0pZu6CloC31rpYM-TEybPJibAlQU prop:has_cell_volume, unit:meter ** 3, c_unit:M3, check:1
2021-12-27 14:36:39 WARNING issue with unit arrangement formula:LaPW4 calc_id:0qEuc4Mp2S4lThJpUrQXfZzKbD6r prop:has_cell_volume, unit:meter ** 3, c_unit:M3, check:1
2021-12-27 14:36:41 WARNING issue with unit arrangement formula:MgNaSn2 calc_id:0qNleDBNqRlRg6tcQAVytpSEKqO8 prop:has_cell_volume, unit:meter ** 3, c_unit:M3, check:1
2021-12-27 14:36:51 WARNING issue with unit arrangement formula:LaRuSr2 calc_id:0qVB9OyJ9L7bWgCLjYS4KL4YUbec prop:has_cell_volume, unit:meter ** 3, c_unit:M3, check:1
2021-12-27 14:36:53 WARNING issue with unit arrangement formula:P2PtZn calc_id:0qetoA-VrCV3eKF1TQfznYYlSW_j prop:has_cell_volume, unit:meter ** 3, c_unit:M3, check:1
2021-12-27 14:36:55 WARNING issue with unit arrangement formula:LiP2Ti calc_id:0seivFqurtv2YAh6Ex0nDZo3nEmZ prop:has_cell_volume, unit:meter ** 3, c_unit:M3, check:1
2021-12-27 14:36:57 WARNING issue with unit arrangement formula:P2ReW2 calc_id:0swM8R0cDiWWLdxdUygXFxgHP9qC prop:has_cell_volume, unit:meter ** 3, c_unit:M3, check:1
2021-12-27 14:36:59 WARNING issue with unit arrangement formula:MgNi2Y calc_id:0tL5my50xIq0n2dCxgLUWrY583cP prop:has_cell_volume, unit:meter ** 3, c_unit:M3, check:1
2021-12-27 14:37:01 WARNING issue with unit arrangement formula:MgMo2Ni calc_id:0tgNlshrMh1sQf7oOdbhdi8050Ul prop:has_cell_volume, unit:meter ** 3, c_unit:M3, check:1
2021-12-27 14:37:04 WARNING issue with unit arrangement formula:Se2SrW calc_id:0tnnz3wtaTjbUMDkH_gCDrjXgOab prop:has_cell_volume, unit:meter ** 3, c_unit:M3, check:1
2021-12-27 14:37:06 WARNING issue with unit arrangement formula:LiSnZr calc_id:0uMWk8Cb1hzUGOXDRgdckjyIG7G_ prop:has_cell_volume, unit:meter ** 3, c_unit:M3, check:1
2021-12-27 14:37:08 WARNING issue with unit arrangement formula:LiMoSr2 calc_id:0uOeHUy9beeLan7LLK_8W6S0LvNt prop:has_cell_volume, unit:meter ** 3, c_unit:M3, check:1
2021-12-27 14:37:10 WARNING issue with unit arrangement formula:NaPb2Pd calc_id:0x1A9Gu4fLxChoEIDC2BvfibS1Dc prop:has_cell_volume, unit:meter ** 3, c_unit:M3, check:1
2021-12-28 15:55:07 WARNING issue with unit arrangement formula:Pt2ScSi calc_id:0xY9qeShGDQAwLc7OvA4Ds3gNY5O prop:has_cell_volume, unit:meter ** 3, c_unit:M3, check:1
2021-12-28 15:55:09 WARNING issue with unit arrangement formula:MnPdTa2 calc_id:0yEc0dIx40yGxDFvq-8WPaVRngGv prop:has_cell_volume, unit:meter ** 3, c_unit:M3, check:1
2021-12-28 15:55:11 WARNING issue with unit arrangement formula:Os2PbSn calc_id:0zj5JkkKq64JQqB-RoIsuctT5wjN prop:has_cell_volume, unit:meter ** 3, c_unit:M3, check:1
2021-12-28 15:55:14 WARNING issue with unit arrangement formula:KRuZn2 calc_id:1-J6gU8bl5X5mLcnrym1iE7e9_ZJ prop:has_cell_volume, unit:meter ** 3, c_unit:M3, check:1
2021-12-28 15:55:16 WARNING issue with unit arrangement formula:KPbTc2 calc_id:1-jMiWFvxBgtVtnf21Lb0PyhEDe6 prop:has_cell_volume, unit:meter ** 3, c_unit:M3, check:1
2021-12-28 15:55:18 WARNING issue with unit arrangement formula:KMnSi calc_id:10-3SjWJ6JqXi8CRehGY2f6bT6mx prop:has_cell_volume, unit:meter ** 3, c_unit:M3, check:1
2021-12-28 15:55:20 WARNING issue with unit arrangement formula:SeTa2Y calc_id:10E-7LY8Z_fSOhlMUlITv1Z3Ip0s prop:has_cell_volume, unit:meter ** 3, c_unit:M3, check:1
2021-12-28 15:55:22 WARNING issue with unit arrangement formula:Ir2KNa calc_id:11X8gYVJn9idXwibrg0MPS9v3aP- prop:has_cell_volume, unit:meter ** 3, c_unit:M3, check:1
2021-12-28 15:55:25 WARNING issue with unit arrangement formula:NiPbPd2 calc_id:11po8cnfIfdKgDNR3H7-KrsxROlz prop:has_cell_volume, unit:meter ** 3, c_unit:M3, check:1
2021-12-28 15:55:27 WARNING issue with unit arrangement formula:MgRu2Tc calc_id:12OjgVxVHHAYVltWTsbDXbPAq1Z3 prop:has_cell_volume, unit:meter ** 3, c_unit:M3, check:1
2021-12-28 15:55:34 WARNING issue with unit arrangement formula:InNbSc2 calc_id:12VNQqcoIlMw4b7DjRaunKe8blaL prop:has_cell_volume, unit:meter ** 3, c_unit:M3, check:1
2021-12-28 15:55:37 WARNING issue with unit arrangement formula:ScTlZr2 calc_id:13FogQzPiVxWwmBwskcCPM3S6HGA prop:has_cell_volume, unit:meter ** 3, c_unit:M3, check:1
2021-12-28 15:55:39 WARNING issue with unit arrangement formula:ReSe2Tl calc_id:13ibCPL2tn5kTLYPlGaKiibae78s prop:has_cell_volume, unit:meter ** 3, c_unit:M3, check:1
2021-12-28 15:55:41 WARNING issue with unit arrangement formula:K2MgZn calc_id:14PcU3gTDF0LipRndmoDjCKXkinw prop:has_cell_volume, unit:meter ** 3, c_unit:M3, check:1
2021-12-28 15:55:43 WARNING issue with unit arrangement formula:PbSi2Zr calc_id:14XQ5BqGoZVT0o-FiX5NgdGeFd6L prop:has_cell_volume, unit:meter ** 3, c_unit:M3, check:1
2021-12-28 15:55:45 WARNING issue with unit arrangement formula:Mg2SeTi calc_id:15Sh1vwnKmA7YF3qCouRiTAzyh8Z prop:has_cell_volume, unit:meter ** 3, c_unit:M3, check:1
2021-12-28 15:55:47 WARNING issue with unit arrangement formula:IrPbTl calc_id:16DGDIkyHvGCxWP_rZLI0TnvxJdp prop:has_cell_volume, unit:meter ** 3, c_unit:M3, check:1
2021-12-28 15:55:49 WARNING issue with unit arrangement formula:Mn2PtSn calc_id:16zA9i76C3M0ZLs3msD7pzlco2lp prop:has_cell_volume, unit:meter ** 3, c_unit:M3, check:1
2021-12-28 15:55:52 WARNING issue with unit arrangement formula:KSeTi2 calc_id:17nUhk0Nzwb8dxkINMxrGljJ0Wuc prop:has_cell_volume, unit:meter ** 3, c_unit:M3, check:1
2021-12-28 15:55:54 WARNING issue with unit arrangement formula:PtTcTl2 calc_id:18Hr5CeUdhf1IkKeLJj-YzLvhMo4 prop:has_cell_volume, unit:meter ** 3, c_unit:M3, check:1
2021-12-28 15:56:00 WARNING issue with unit arrangement formula:MgRuTe2 calc_id:19CyDpnsfEPJF9_k82f7gLcsTvSW prop:has_cell_volume, unit:meter ** 3, c_unit:M3, check:1
2021-12-28 15:56:02 WARNING issue with unit arrangement formula:LaMoSi calc_id:19bxhSvC08gycC0gerjsYYPEbdGl prop:has_cell_volume, unit:meter ** 3, c_unit:M3, check:1
2021-12-28 15:56:05 WARNING issue with unit arrangement formula:KScSe2 calc_id:1Al35cFR_1_X3je7zjh6TXZ-MlXn prop:has_cell_volume, unit:meter ** 3, c_unit:M3, check:1
2021-12-28 15:56:07 WARNING issue with unit arrangement formula:NiSi2Sr calc_id:1Bi-s0r9XrYEGKWoMTkWDHVDmjnC prop:has_cell_volume, unit:meter ** 3, c_unit:M3, check:1
2021-12-28 15:56:09 WARNING issue with unit arrangement formula:Mn2RhTa calc_id:1C5xXH1kOlGLNDAKSPu3E630gYyt prop:has_cell_volume, unit:meter ** 3, c_unit:M3, check:1
2021-12-28 15:56:11 WARNING issue with unit arrangement formula:LiPt2Y calc_id:1EB0kwgNDD8lh-sKLnkCorxSX-pZ prop:has_cell_volume, unit:meter ** 3, c_unit:M3, check:1
2021-12-28 15:56:13 WARNING issue with unit arrangement formula:Na16Sb8Sn2 calc_id:1EL-Mol8ocfZ79vXA0l6xHQV0sFG prop:has_cell_volume, unit:meter ** 3, c_unit:M3, check:1
2021-12-28 15:56:15 WARNING issue with unit arrangement formula:NbRe2Tl calc_id:1FhLa6XXr-z_qqyzJCL1KxQPV_Fr prop:has_cell_volume, unit:meter ** 3, c_unit:M3, check:1
2021-12-28 15:56:17 WARNING issue with unit arrangement formula:MgPd2Ti calc_id:1G6RJKblqt6vyAEdkO68iv6CtNPN prop:has_cell_volume, unit:meter ** 3, c_unit:M3, check:1
2021-12-28 15:56:20 WARNING issue with unit arrangement formula:MnRe2Tc calc_id:1HckIChddNylJEdXRSu7-S8oP6KI prop:has_cell_volume, unit:meter ** 3, c_unit:M3, check:1
2021-12-28 15:56:26 WARNING issue with unit arrangement formula:La2PbSn calc_id:1Hf_fjX9SHsP9i7nUZU6bBV12pfm prop:has_cell_volume, unit:meter ** 3, c_unit:M3, check:1
2021-12-28 15:56:28 WARNING issue with unit arrangement formula:IrSrV2 calc_id:1IbdY9Dg89AGur1JQBsAJPo_UgTB prop:has_cell_volume, unit:meter ** 3, c_unit:M3, check:1
2021-12-28 15:56:30 WARNING issue with unit arrangement formula:KPd2Ru calc_id:1IpTGl2U_ZBrCxBvIC1dvahhiR7j prop:has_cell_volume, unit:meter ** 3, c_unit:M3, check:1
2021-12-28 15:56:32 WARNING issue with unit arrangement formula:MgSnTi2 calc_id:1IyyUmYCCL4UM56iRHvWuSnxUVEd prop:has_cell_volume, unit:meter ** 3, c_unit:M3, check:1
2021-12-28 15:56:34 WARNING issue with unit arrangement formula:Os2RhY calc_id:1JMRfW-t5tRG__X4QV0W3mMfzR3m prop:has_cell_volume, unit:meter ** 3, c_unit:M3, check:1
2021-12-28 15:56:36 WARNING issue with unit arrangement formula:P2SiW calc_id:1Jb_23hMlzscFUEjOFypmdZPFF-5 prop:has_cell_volume, unit:meter ** 3, c_unit:M3, check:1
2021-12-28 15:56:39 WARNING issue with unit arrangement formula:LiNaSi calc_id:1JjlLOpqA_iqHCviJK5iyZSfmnLC prop:has_cell_volume, unit:meter ** 3, c_unit:M3, check:1
2021-12-28 15:56:41 WARNING issue with unit arrangement formula:LaMo2P calc_id:1JsEx9cD4xc6d5fEyt3qXR7Xp8sr prop:has_cell_volume, unit:meter ** 3, c_unit:M3, check:1
2021-12-28 15:56:43 WARNING issue with unit arrangement formula:MoPbTa calc_id:1Jzb_9_gP8DzltuA0wk5YuPHhlWC prop:has_cell_volume, unit:meter ** 3, c_unit:M3, check:1
2021-12-28 15:56:45 WARNING issue with unit arrangement formula:LiYZn2 calc_id:1MHf3ph0_N-K3uw5n5ta8aRyE6F3 prop:has_cell_volume, unit:meter ** 3, c_unit:M3, check:1
2021-12-28 15:56:52 WARNING issue with unit arrangement formula:IrTlY calc_id:1OpE24zAd3IklvA3PwBQce2UCgZ3 prop:has_cell_volume, unit:meter ** 3, c_unit:M3, check:1
2021-12-28 15:56:55 WARNING issue with unit arrangement formula:NbTl2Zr calc_id:1QbmKkyfx25spj6jqgKcdVdL80cF prop:has_cell_volume, unit:meter ** 3, c_unit:M3, check:1
2021-12-28 15:56:57 WARNING issue with unit arrangement formula:IrKRh2 calc_id:1R17BJiFY00oRJeddwEfLWYV3oGs prop:has_cell_volume, unit:meter ** 3, c_unit:M3, check:1
2021-12-28 15:56:59 WARNING issue with unit arrangement formula:PTiTl calc_id:1ROASIjbZhwMmJuMhIE04Lc0iBnx prop:has_cell_volume, unit:meter ** 3, c_unit:M3, check:1
2021-12-28 15:57:01 WARNING issue with unit arrangement formula:SiTl2W calc_id:1RXX3MAOuRTzOb2bwIrGDWbKSaCl prop:has_cell_volume, unit:meter ** 3, c_unit:M3, check:1
2021-12-28 15:57:03 WARNING issue with unit arrangement formula:NiTa2Zr calc_id:1Sw13vzJhOU14a63K0toUSKLSYNB prop:has_cell_volume, unit:meter ** 3, c_unit:M3, check:1
2021-12-28 15:57:05 WARNING issue with unit arrangement formula:InNbSb2 calc_id:1U6P3kGjGFWX7Ic4nmhH2eqU1a4x prop:has_cell_volume, unit:meter ** 3, c_unit:M3, check:1
2021-12-28 15:57:07 WARNING issue with unit arrangement formula:MnNi2Rh calc_id:1UZgZnFADELnX9353LsLT_e-fs-O prop:has_cell_volume, unit:meter ** 3, c_unit:M3, check:1
2021-12-28 15:57:10 WARNING issue with unit arrangement formula:IrPdSc2 calc_id:1V86g8RR29t06CVVnHFvXbj2JYNg prop:has_cell_volume, unit:meter ** 3, c_unit:M3, check:1
2021-12-28 15:57:12 WARNING issue with unit arrangement formula:Pt2SeZn calc_id:1Vh1nY1XGd3loT7YZYV4rca3Mf2c prop:has_cell_volume, unit:meter ** 3, c_unit:M3, check:1
2021-12-28 15:57:19 WARNING issue with unit arrangement formula:MgNaPd calc_id:1VqkLbII8h8eSB0T79pThtADtGYq prop:has_cell_volume, unit:meter ** 3, c_unit:M3, check:1
2021-12-28 15:57:22 WARNING issue with unit arrangement formula:ReWY2 calc_id:1WA5DBIu8bsTSuGWIxk2g10X7Svr prop:has_cell_volume, unit:meter ** 3, c_unit:M3, check:1
2021-12-28 15:57:24 WARNING issue with unit arrangement formula:In2PdSr calc_id:1Wdn_Q8UAEUoExsD1CHkrIkwOiEC prop:has_cell_volume, unit:meter ** 3, c_unit:M3, check:1
2021-12-28 15:57:26 WARNING issue with unit arrangement formula:PtTcW2 calc_id:1Wkt486zeCvO4X8forzo_jlI5uR2 prop:has_cell_volume, unit:meter ** 3, c_unit:M3, check:1
2021-12-28 15:57:28 WARNING issue with unit arrangement formula:SbSi2Ta calc_id:1X0oaWotsX8yNehkugLUX_bIszuU prop:has_cell_volume, unit:meter ** 3, c_unit:M3, check:1
2021-12-28 15:57:30 WARNING issue with unit arrangement formula:NaTl2Y calc_id:1XEpkjCPHF19A0unTYiiWSbMaar3 prop:has_cell_volume, unit:meter ** 3, c_unit:M3, check:1
2021-12-28 15:57:32 WARNING issue with unit arrangement formula:Mg2PdZr calc_id:1Xe90xOS6tHFEojBVRq7jwboCFlB prop:has_cell_volume, unit:meter ** 3, c_unit:M3, check:1
2021-12-28 15:57:35 WARNING issue with unit arrangement formula:MgPtZn2 calc_id:1ZLHWK5rb5DDdDc6SoAK17bH5Y9J prop:has_cell_volume, unit:meter ** 3, c_unit:M3, check:1
2021-12-28 15:57:37 WARNING issue with unit arrangement formula:Na2SrZr calc_id:1_eZIhZ1uwx1fz9Zaz-24PopH4iW prop:has_cell_volume, unit:meter ** 3, c_unit:M3, check:1
2021-12-28 15:57:39 WARNING issue with unit arrangement formula:P2RhSe calc_id:1_jUwZrXXVfCirUWHt59hkVqcouR prop:has_cell_volume, unit:meter ** 3, c_unit:M3, check:1
2021-12-28 15:57:45 WARNING issue with unit arrangement formula:RuSi2Zr calc_id:1a50nQPxAsj2gplSIMBDZjugiOcA prop:has_cell_volume, unit:meter ** 3, c_unit:M3, check:1
2021-12-28 15:57:48 WARNING issue with unit arrangement formula:Sc2TeY calc_id:1aJBeSItfN48SfETeAxomMc-aV2F prop:has_cell_volume, unit:meter ** 3, c_unit:M3, check:1
2021-12-28 15:57:50 WARNING issue with unit arrangement formula:LaOs2Pd calc_id:1aLK0YCqWiz_phb9EiVJ7_P4SGZq prop:has_cell_volume, unit:meter ** 3, c_unit:M3, check:1
2021-12-28 15:57:52 WARNING issue with unit arrangement formula:IrKSc2 calc_id:1absbaGb1VlZB4T-koVb0uCEgWqF prop:has_cell_volume, unit:meter ** 3, c_unit:M3, check:1
2021-12-28 15:57:54 WARNING issue with unit arrangement formula:PtTi2Zr calc_id:1bfSMkpd29ZZHvRp5PT0m65Gp6Sk prop:has_cell_volume, unit:meter ** 3, c_unit:M3, check:1
2021-12-28 15:57:56 WARNING issue with unit arrangement formula:IrNbSb2 calc_id:1c4pt5jtYPh-oH8Q4JVbftfTIoRA prop:has_cell_volume, unit:meter ** 3, c_unit:M3, check:1
2021-12-28 15:57:59 WARNING issue with unit arrangement formula:MgPt2Ta calc_id:1c99GvzQZ-FsZ68d3ww5QiYilE55 prop:has_cell_volume, unit:meter ** 3, c_unit:M3, check:1
2021-12-28 15:58:01 WARNING issue with unit arrangement formula:SbTlV2 calc_id:1crNZYdlySHmLE_VZOI0kUSVuKc_ prop:has_cell_volume, unit:meter ** 3, c_unit:M3, check:1
2021-12-28 15:58:03 WARNING issue with unit arrangement formula:RuTiY2 calc_id:1d_Vx--7rFpgxsdF_DCMAY-tecf8 prop:has_cell_volume, unit:meter ** 3, c_unit:M3, check:1
2021-12-28 15:58:05 WARNING issue with unit arrangement formula:Mn2PbRh calc_id:1do4JQiq-zdQmMzrXdiqyfKp7IEw prop:has_cell_volume, unit:meter ** 3, c_unit:M3, check:1
2021-12-28 15:58:12 WARNING issue with unit arrangement formula:MgMo2Rh calc_id:1dwWxCBAGYE3eXbbGeD2OAhMljDk prop:has_cell_volume, unit:meter ** 3, c_unit:M3, check:1
2021-12-28 15:58:14 WARNING issue with unit arrangement formula:MoPt2Si calc_id:1e5pCyWEXpd1fkA57iTKTKjHiIo4 prop:has_cell_volume, unit:meter ** 3, c_unit:M3, check:1
2021-12-28 15:58:16 WARNING issue with unit arrangement formula:Ni2PtTc calc_id:1ej-YsK8WA-sJzulBdjAxuHnQF-K prop:has_cell_volume, unit:meter ** 3, c_unit:M3, check:1
2021-12-28 15:58:18 WARNING issue with unit arrangement formula:MgPSr2 calc_id:1gn30wmvK2FRq5V0g3Ikdzd_Vxdz prop:has_cell_volume, unit:meter ** 3, c_unit:M3, check:1
2021-12-28 15:58:20 WARNING issue with unit arrangement formula:IrPbTc2 calc_id:1h5bVx6BNUrL2lSs-IEIj2kcjgIb prop:has_cell_volume, unit:meter ** 3, c_unit:M3, check:1
2021-12-28 15:58:23 WARNING issue with unit arrangement formula:LiRuTc calc_id:1i2vyNAm1n8--UxjYzVH1qGxzGcw prop:has_cell_volume, unit:meter ** 3, c_unit:M3, check:1
2021-12-28 15:58:25 WARNING issue with unit arrangement formula:LiMoPb2 calc_id:1i42aUANLzc8h4XfY_IlzIKwqgv1 prop:has_cell_volume, unit:meter ** 3, c_unit:M3, check:1
2021-12-28 15:58:27 WARNING issue with unit arrangement formula:P2SrTl calc_id:1iSLVjq2vjBVmI2JCgQrA2XiNLEP prop:has_cell_volume, unit:meter ** 3, c_unit:M3, check:1
2021-12-28 15:58:29 WARNING issue with unit arrangement formula:MnSb2V calc_id:1iScOWva4YCNFKsbitF36_6R4eIM prop:has_cell_volume, unit:meter ** 3, c_unit:M3, check:1
2021-12-28 15:58:31 WARNING issue with unit arrangement formula:PbTa2W calc_id:1icVbr3RBQOd2cmC4a3F7a0oja03 prop:has_cell_volume, unit:meter ** 3, c_unit:M3, check:1
2021-12-28 15:58:37 WARNING issue with unit arrangement formula:Ir2KZr calc_id:1jSDlC26nnyYLwFAq5JSKclssJK7 prop:has_cell_volume, unit:meter ** 3, c_unit:M3, check:1
2021-12-28 15:58:40 WARNING issue with unit arrangement formula:NbPRe2 calc_id:1jrZ6bercu2pz9xyp2lTg433lifT prop:has_cell_volume, unit:meter ** 3, c_unit:M3, check:1
2021-12-28 15:58:42 WARNING issue with unit arrangement formula:LaMoRe2 calc_id:1jv0_dQm97bA-80FMdgN2Nq1IuMx prop:has_cell_volume, unit:meter ** 3, c_unit:M3, check:1
2021-12-28 15:58:44 WARNING issue with unit arrangement formula:MoSeY calc_id:1kEUgcDP6b3I0rQdCiXAxa-AOon8 prop:has_cell_volume, unit:meter ** 3, c_unit:M3, check:1
2021-12-28 15:58:46 WARNING issue with unit arrangement formula:MnNb2Y calc_id:1l_VQerhUMULyCvpzdJGv0g_nmd_ prop:has_cell_volume, unit:meter ** 3, c_unit:M3, check:1
2021-12-28 15:58:48 WARNING issue with unit arrangement formula:PdRuZn2 calc_id:1nJxDiqRLdtN4yGOgyzEeNogOw-z prop:has_cell_volume, unit:meter ** 3, c_unit:M3, check:1
2021-12-28 15:58:50 WARNING issue with unit arrangement formula:KMgPd2 calc_id:1ni4Cfj1bm2Y6CiGcfUtu62ARmjq prop:has_cell_volume, unit:meter ** 3, c_unit:M3, check:1
2021-12-28 15:58:53 WARNING issue with unit arrangement formula:Sb2ScSi calc_id:1ns2mUYhC8I91x0l26-a_kKU4vV_ prop:has_cell_volume, unit:meter ** 3, c_unit:M3, check:1
2021-12-28 15:58:55 WARNING issue with unit arrangement formula:La2PbSr calc_id:1o1VifTt7EA8Tou9gRBJ-CjPtisI prop:has_cell_volume, unit:meter ** 3, c_unit:M3, check:1
2021-12-28 15:58:57 WARNING issue with unit arrangement formula:Ir2ScSr calc_id:1o4exQwXl6mTIUq0D7A9tilHGLf3 prop:has_cell_volume, unit:meter ** 3, c_unit:M3, check:1
2021-12-28 15:59:04 WARNING issue with unit arrangement formula:Mg2PtTe calc_id:1oG7mwPZVJ6GST-bi4yS35fted4X prop:has_cell_volume, unit:meter ** 3, c_unit:M3, check:1
2021-12-28 15:59:06 WARNING issue with unit arrangement formula:IrPt2W calc_id:1oOAyG6NTXcYRtOHl2fX3DU-bGA2 prop:has_cell_volume, unit:meter ** 3, c_unit:M3, check:1
2021-12-28 15:59:08 WARNING issue with unit arrangement formula:NaRuY2 calc_id:1pkH1u9qXabD40zXNrdPvh5Zz_Na prop:has_cell_volume, unit:meter ** 3, c_unit:M3, check:1
2021-12-28 15:59:10 WARNING issue with unit arrangement formula:LiPbPd2 calc_id:1pr9kejoxMduglMYeuRMuUrwgLrc prop:has_cell_volume, unit:meter ** 3, c_unit:M3, check:1
2021-12-28 15:59:13 WARNING issue with unit arrangement formula:NbNi2P calc_id:1pt7csOppm5_i2IwI4bx966L5U38 prop:has_cell_volume, unit:meter ** 3, c_unit:M3, check:1
2021-12-28 15:59:15 WARNING issue with unit arrangement formula:NbPtSb2 calc_id:1qA-7_SIPGtI1PCpimbM-u2TsbQd prop:has_cell_volume, unit:meter ** 3, c_unit:M3, check:1
2021-12-28 15:59:17 WARNING issue with unit arrangement formula:Mn2PdTa calc_id:1qFLsDBGnhqOL9jzpjIqv39o1c1V prop:has_cell_volume, unit:meter ** 3, c_unit:M3, check:1
2021-12-28 15:59:19 WARNING issue with unit arrangement formula:ReSb2W calc_id:1rGPhaWm69Gc0BxedNk7pnKOEUkO prop:has_cell_volume, unit:meter ** 3, c_unit:M3, check:1
2021-12-28 15:59:21 WARNING issue with unit arrangement formula:IrRe2Si calc_id:1sY7xgbPL3xI1IW6z3ZjX1bCWKqU prop:has_cell_volume, unit:meter ** 3, c_unit:M3, check:1
2021-12-28 15:59:23 WARNING issue with unit arrangement formula:LiSeW2 calc_id:1t3mAQl4VHLGeYxaJ-B55b_g6Agp prop:has_cell_volume, unit:meter ** 3, c_unit:M3, check:1
2021-12-28 16:34:02 WARNING issue with unit arrangement formula:Mg2PTc calc_id:1tYipriZn3DDmdMelI9c04S3wh2- prop:has_cell_volume, unit:meter ** 3, c_unit:M3, check:1
2021-12-28 16:34:04 WARNING issue with unit arrangement formula:Sc2SiV calc_id:1twCho2tbRTQxz7cgP0jrgRqysM8 prop:has_cell_volume, unit:meter ** 3, c_unit:M3, check:1
2021-12-28 16:34:06 WARNING issue with unit arrangement formula:ReTeV2 calc_id:1tyy0qBRp_LJPQCimqpTVgs65k_S prop:has_cell_volume, unit:meter ** 3, c_unit:M3, check:1
2021-12-28 16:34:08 WARNING issue with unit arrangement formula:SbV2Zn calc_id:1vN428qjjyaRCLPKiBIGCWXIxUkU prop:has_cell_volume, unit:meter ** 3, c_unit:M3, check:1
2021-12-28 16:34:11 WARNING issue with unit arrangement formula:Li2NaSb calc_id:1wAGWgxanP0fGx954lxPQbma8R4q prop:has_cell_volume, unit:meter ** 3, c_unit:M3, check:1
2021-12-28 16:34:13 WARNING issue with unit arrangement formula:LaNiZn2 calc_id:1wQPvYLjPUmk9rv_UU0aadMBcfFM prop:has_cell_volume, unit:meter ** 3, c_unit:M3, check:1
2021-12-28 16:34:15 WARNING issue with unit arrangement formula:PbTiY calc_id:1wjy1GBDkrsYnNPu9HHF_lZXafQZ prop:has_cell_volume, unit:meter ** 3, c_unit:M3, check:1
2021-12-28 16:34:17 WARNING issue with unit arrangement formula:KRhSn2 calc_id:1xLFC-7xyeeIyZOibEfdOH3SYOFI prop:has_cell_volume, unit:meter ** 3, c_unit:M3, check:1
2021-12-28 16:34:19 WARNING issue with unit arrangement formula:MgSnSr2 calc_id:1xvuf1VkfZu_cmY_UOXqh59OleWW prop:has_cell_volume, unit:meter ** 3, c_unit:M3, check:1
2021-12-28 16:34:21 WARNING issue with unit arrangement formula:NaOsTa2 calc_id:1z2drfbXj0lKnOuUG98Zriy2RA_a prop:has_cell_volume, unit:meter ** 3, c_unit:M3, check:1
2021-12-28 16:34:28 WARNING issue with unit arrangement formula:PdSbTc calc_id:1zSpcIridRGnfPF_g0KYa70ntJQY prop:has_cell_volume, unit:meter ** 3, c_unit:M3, check:1
2021-12-28 16:34:30 WARNING issue with unit arrangement formula:Nb2ReZr calc_id:2-wz4sUEd9d1lAkxidk_e_jmtAXD prop:has_cell_volume, unit:meter ** 3, c_unit:M3, check:1
2021-12-28 16:34:32 WARNING issue with unit arrangement formula:La2NaPd calc_id:20PbjN06HGErpTi53TUWc5Ski-8K prop:has_cell_volume, unit:meter ** 3, c_unit:M3, check:1
2021-12-28 16:34:35 WARNING issue with unit arrangement formula:MnRhZn2 calc_id:20lGT0xnzr4YlNrbyYCwHo-IwBAC prop:has_cell_volume, unit:meter ** 3, c_unit:M3, check:1
2021-12-28 16:34:37 WARNING issue with unit arrangement formula:LiNaPt calc_id:21r2y9kdbuoC4bO0HsOZJsQjidpp prop:has_cell_volume, unit:meter ** 3, c_unit:M3, check:1
2021-12-28 16:34:39 WARNING issue with unit arrangement formula:P4Pt2Si4 calc_id:22nEXj5R-brAm8WPo5X0EMRuZ4PS prop:has_cell_volume, unit:meter ** 3, c_unit:M3, check:1
2021-12-28 16:34:41 WARNING issue with unit arrangement formula:KMo2Pt calc_id:22ohrgyNwAWeKA4Sn7Ql3pX2ycQg prop:has_cell_volume, unit:meter ** 3, c_unit:M3, check:1
2021-12-28 16:34:43 WARNING issue with unit arrangement formula:P3Rh3Sn3 calc_id:24zXJbB7PSaX0cRKMd5f3UCUnzUM prop:has_cell_volume, unit:meter ** 3, c_unit:M3, check:1
2021-12-28 16:34:45 WARNING issue with unit arrangement formula:Re2SbSi calc_id:25KLqRm1wO2ba3MBnIoryTzl64Ts prop:has_cell_volume, unit:meter ** 3, c_unit:M3, check:1
2021-12-28 16:34:48 WARNING issue with unit arrangement formula:MgPtRe2 calc_id:25NVHda5kaHycR-cZ1h222yYkOBb prop:has_cell_volume, unit:meter ** 3, c_unit:M3, check:1
2021-12-28 16:34:54 WARNING issue with unit arrangement formula:Mo2SbZn calc_id:25QNHwkckeftLj3cIIzqV317fDuz prop:has_cell_volume, unit:meter ** 3, c_unit:M3, check:1
2021-12-28 16:34:56 WARNING issue with unit arrangement formula:Mo2NiSe calc_id:25yHx6tCvsHOEsyEtK-Dei3mrg4M prop:has_cell_volume, unit:meter ** 3, c_unit:M3, check:1
2021-12-28 16:34:58 WARNING issue with unit arrangement formula:KTeV calc_id:26-h2Ixr68QS52lz9nLimkLALZhm prop:has_cell_volume, unit:meter ** 3, c_unit:M3, check:1
2021-12-28 16:35:01 WARNING issue with unit arrangement formula:PReV2 calc_id:27Zh_ceIUBdJThcs6Kg9exQTvOlR prop:has_cell_volume, unit:meter ** 3, c_unit:M3, check:1
2021-12-28 16:35:03 WARNING issue with unit arrangement formula:ReTaW2 calc_id:27iuWRUqhn1TaNRGhDSpxCWgF2Oi prop:has_cell_volume, unit:meter ** 3, c_unit:M3, check:1
2021-12-28 16:35:05 WARNING issue with unit arrangement formula:Li2PbSb calc_id:27w2ZCUdam7z27fm7o_JQ8rC-er2 prop:has_cell_volume, unit:meter ** 3, c_unit:M3, check:1
2021-12-28 16:35:07 WARNING issue with unit arrangement formula:Re2YZr calc_id:28PCK6jYh4KGKUW21lQnkTyzAOz3 prop:has_cell_volume, unit:meter ** 3, c_unit:M3, check:1
2021-12-28 16:35:09 WARNING issue with unit arrangement formula:MoSc2Tc calc_id:28mFIAdyL8xMxVUfRrGgWnBWejR- prop:has_cell_volume, unit:meter ** 3, c_unit:M3, check:1
2021-12-28 16:35:11 WARNING issue with unit arrangement formula:OsPdRh2 calc_id:29Pdm-xqbWCFaemmHzDTDkbz8q1z prop:has_cell_volume, unit:meter ** 3, c_unit:M3, check:1
2021-12-28 16:35:13 WARNING issue with unit arrangement formula:Ir2NaV calc_id:2A4TdzY8Ux4jOnitOGMPmol0mCve prop:has_cell_volume, unit:meter ** 3, c_unit:M3, check:1
2021-12-28 16:35:19 WARNING issue with unit arrangement formula:PSr2Zn calc_id:2AMH-ivpEd5BaCl6N6BJEAMF1tm_ prop:has_cell_volume, unit:meter ** 3, c_unit:M3, check:1
2021-12-28 16:35:21 WARNING issue with unit arrangement formula:RuSbSr2 calc_id:2ARIrEdKD8HanX6oHJZla9mGXDfH prop:has_cell_volume, unit:meter ** 3, c_unit:M3, check:1
2021-12-28 16:35:23 WARNING issue with unit arrangement formula:PReY2 calc_id:2AdMVQgGaA-gjpgAVIDq6ldLTGUH prop:has_cell_volume, unit:meter ** 3, c_unit:M3, check:1
2021-12-28 16:35:25 WARNING issue with unit arrangement formula:MnPt4Si calc_id:2CbLaSb9Zrplgv9mLnotsCY2r-i_ prop:has_cell_volume, unit:meter ** 3, c_unit:M3, check:1
2021-12-28 16:35:27 WARNING issue with unit arrangement formula:ScTa2V calc_id:2CzkO2L8gdFFSAG5wAOyIbDzid_X prop:has_cell_volume, unit:meter ** 3, c_unit:M3, check:1
2021-12-28 16:35:30 WARNING issue with unit arrangement formula:Na2SnSr calc_id:2D1E9mxlusbsqTV9TzOyzEZWJl3l prop:has_cell_volume, unit:meter ** 3, c_unit:M3, check:1
2021-12-28 16:35:32 WARNING issue with unit arrangement formula:NaPbSr2 calc_id:2DAIFZ67AV-eKKQza1WiZofx_j1x prop:has_cell_volume, unit:meter ** 3, c_unit:M3, check:1
2021-12-28 16:35:34 WARNING issue with unit arrangement formula:In2OsRh calc_id:2EOYadXjf9b4ifYdpTtKyHmWO4mh prop:has_cell_volume, unit:meter ** 3, c_unit:M3, check:1
2021-12-28 16:35:36 WARNING issue with unit arrangement formula:KReRh calc_id:2EuwMkVUCQk1uC1eJV2EFu7fqJBw prop:has_cell_volume, unit:meter ** 3, c_unit:M3, check:1
2021-12-28 16:35:38 WARNING issue with unit arrangement formula:PSc2W calc_id:2FH_rTNKNxAhj2OJaLCsWULKqXHi prop:has_cell_volume, unit:meter ** 3, c_unit:M3, check:1
2021-12-28 16:35:46 WARNING issue with unit arrangement formula:P4Rh12Si8 calc_id:2FieX1acouzkrVC1raDdz_r2o3Ce prop:has_cell_volume, unit:meter ** 3, c_unit:M3, check:1
2021-12-28 16:35:48 WARNING issue with unit arrangement formula:IrMnTi calc_id:2GWyt9hYxILfOklOuxc5AkIvszVb prop:has_cell_volume, unit:meter ** 3, c_unit:M3, check:1
2021-12-28 16:35:50 WARNING issue with unit arrangement formula:LaMg2Rh calc_id:2KgYIS8s87LHvWsFFbg_Ct-kQfDr prop:has_cell_volume, unit:meter ** 3, c_unit:M3, check:1
2021-12-28 16:35:52 WARNING issue with unit arrangement formula:MgNa2Ti calc_id:2Ki5jwepULNCQrviBztLU8X_2fGM prop:has_cell_volume, unit:meter ** 3, c_unit:M3, check:1
2021-12-28 16:35:54 WARNING issue with unit arrangement formula:KPt2Sn calc_id:2KrNoNertni75VdHlqNJXozPIAm9 prop:has_cell_volume, unit:meter ** 3, c_unit:M3, check:1
2021-12-28 16:35:57 WARNING issue with unit arrangement formula:PdSrTc2 calc_id:2Mv_zJMgdFfsEDIp6XnR2tVg66vd prop:has_cell_volume, unit:meter ** 3, c_unit:M3, check:1
2021-12-28 16:35:59 WARNING issue with unit arrangement formula:La2MgW calc_id:2Nu6qmEnNqkE6-HRO-BrLJOlWtEp prop:has_cell_volume, unit:meter ** 3, c_unit:M3, check:1
2021-12-28 16:36:01 WARNING issue with unit arrangement formula:Se2WY calc_id:2Nw9kUKeoigIk156g0gQBmrAphp3 prop:has_cell_volume, unit:meter ** 3, c_unit:M3, check:1
2021-12-28 16:36:03 WARNING issue with unit arrangement formula:PbTeTi2 calc_id:2O5gmZc75UtlkpkwhIBhG3Mh8tW0 prop:has_cell_volume, unit:meter ** 3, c_unit:M3, check:1
2021-12-28 16:36:05 WARNING issue with unit arrangement formula:SbSnY2 calc_id:2Py3zFMtChzNACE0WZD7BebiqwwI prop:has_cell_volume, unit:meter ** 3, c_unit:M3, check:1
2021-12-28 16:36:13 WARNING issue with unit arrangement formula:Ir2NaZn calc_id:2QDNObeUTZrDoKkZPDyLay7uOL0p prop:has_cell_volume, unit:meter ** 3, c_unit:M3, check:1
2021-12-28 16:36:15 WARNING issue with unit arrangement formula:LaSn2Tc calc_id:2QJH6oLGi3mLtUCP-1-_YIGHEdZr prop:has_cell_volume, unit:meter ** 3, c_unit:M3, check:1
2021-12-28 16:36:17 WARNING issue with unit arrangement formula:Nb2PtTc calc_id:2QS6JkMLb7TA8JT4JRj7J867i8GB prop:has_cell_volume, unit:meter ** 3, c_unit:M3, check:1
2021-12-28 16:36:20 WARNING issue with unit arrangement formula:NiTl2Y calc_id:2QTghkyu2x6XpUOUmQiQfqCoczzo prop:has_cell_volume, unit:meter ** 3, c_unit:M3, check:1
2021-12-28 16:36:22 WARNING issue with unit arrangement formula:MgNaPd calc_id:2QxuO26MZErX5tebc13TKW-3fBVn prop:has_cell_volume, unit:meter ** 3, c_unit:M3, check:1
2021-12-28 16:36:24 WARNING issue with unit arrangement formula:IrMoPd2 calc_id:2R6gEJ7C8gEzLrkDSSW8FZi9zj2P prop:has_cell_volume, unit:meter ** 3, c_unit:M3, check:1
2021-12-28 16:36:26 WARNING issue with unit arrangement formula:MoRhZn2 calc_id:2RRjZjlkn3zrHJFKUKxUvCi8_8g2 prop:has_cell_volume, unit:meter ** 3, c_unit:M3, check:1
2021-12-28 16:36:28 WARNING issue with unit arrangement formula:OsTeZn2 calc_id:2SkwHwoRO27GYYbCSs2w9PDxosv_ prop:has_cell_volume, unit:meter ** 3, c_unit:M3, check:1
2021-12-28 16:36:30 WARNING issue with unit arrangement formula:MgMnRe calc_id:2SmxmjF1YkMqBtHq-2jVCop4nCeC prop:has_cell_volume, unit:meter ** 3, c_unit:M3, check:1
2021-12-28 16:36:33 WARNING issue with unit arrangement formula:MgRuTl2 calc_id:2TrSPXLv33Xgg2Q208KRjsEOAQBd prop:has_cell_volume, unit:meter ** 3, c_unit:M3, check:1
2021-12-28 16:36:42 WARNING issue with unit arrangement formula:RhScW2 calc_id:2TsCpyvHbMiHeIa4o9fbFQfLJuAb prop:has_cell_volume, unit:meter ** 3, c_unit:M3, check:1
2021-12-28 16:36:44 WARNING issue with unit arrangement formula:InNiSr2 calc_id:2U26UIShg7nvwRaAUemYO8JBNMre prop:has_cell_volume, unit:meter ** 3, c_unit:M3, check:1
2021-12-28 16:36:46 WARNING issue with unit arrangement formula:KTcY2 calc_id:2VcrOk1hY5Y9aS81p71DxuFoNB8l prop:has_cell_volume, unit:meter ** 3, c_unit:M3, check:1
2021-12-28 16:36:48 WARNING issue with unit arrangement formula:In2TaY calc_id:2YOqpyLPLx91nhI1N2Ft65SpNCD0 prop:has_cell_volume, unit:meter ** 3, c_unit:M3, check:1
2021-12-28 16:36:50 WARNING issue with unit arrangement formula:Pb2PtSr calc_id:2YjR9Kj3wvfRSV7s15K2qZS7W2-_ prop:has_cell_volume, unit:meter ** 3, c_unit:M3, check:1
2021-12-28 16:36:52 WARNING issue with unit arrangement formula:MoRe2Sn calc_id:2ZFqFTtBwh1Gio-m03LeBcs7XGOH prop:has_cell_volume, unit:meter ** 3, c_unit:M3, check:1
2021-12-28 16:36:55 WARNING issue with unit arrangement formula:Mg2PdPt calc_id:2ZQqVawQlNakeOdlzIORMU7_ZH-X prop:has_cell_volume, unit:meter ** 3, c_unit:M3, check:1
2021-12-28 16:36:57 WARNING issue with unit arrangement formula:IrSiTe2 calc_id:2_5x6lajq4MxdR1bBmbBDzwGdjli prop:has_cell_volume, unit:meter ** 3, c_unit:M3, check:1
2021-12-28 16:36:59 WARNING issue with unit arrangement formula:LaRh2Tc calc_id:2_C17DAjCmBlnt9FGJYXSI59LjCc prop:has_cell_volume, unit:meter ** 3, c_unit:M3, check:1
2021-12-28 16:37:01 WARNING issue with unit arrangement formula:Ru2SiSn calc_id:2_HrGLmbHK4Zg3Ow_RYpI1-DK2_i prop:has_cell_volume, unit:meter ** 3, c_unit:M3, check:1
2021-12-28 16:37:10 WARNING issue with unit arrangement formula:La2SbV calc_id:2aPTpgcQln956DYT0qPOaBi-5LtJ prop:has_cell_volume, unit:meter ** 3, c_unit:M3, check:1
2021-12-28 16:37:12 WARNING issue with unit arrangement formula:Os2RhY calc_id:2awJEReFiwYajPyPAmrx_6NwRcXZ prop:has_cell_volume, unit:meter ** 3, c_unit:M3, check:1
2021-12-28 16:37:14 WARNING issue with unit arrangement formula:InSbTa2 calc_id:2bKrOeyAIDCcliMwkqFW_8-Bb6Zx prop:has_cell_volume, unit:meter ** 3, c_unit:M3, check:1
2021-12-28 16:37:16 WARNING issue with unit arrangement formula:LaTlY2 calc_id:2bn335nMrvCC6vKK37H3CI-HjBR0 prop:has_cell_volume, unit:meter ** 3, c_unit:M3, check:1
2021-12-28 16:37:19 WARNING issue with unit arrangement formula:MnMoRu4 calc_id:2cUzmjAoc3I6bSNfG-I-pYTKNAe4 prop:has_cell_volume, unit:meter ** 3, c_unit:M3, check:1
2021-12-28 16:37:21 WARNING issue with unit arrangement formula:RhSbW2 calc_id:2dMntB6-lsf4CZ0F_Kvk_i4XOIpP prop:has_cell_volume, unit:meter ** 3, c_unit:M3, check:1
2021-12-28 16:37:23 WARNING issue with unit arrangement formula:InPSb2 calc_id:2e8PZXSQJWHpQ4eABFygLZ4PHoeb prop:has_cell_volume, unit:meter ** 3, c_unit:M3, check:1
2021-12-28 16:37:25 WARNING issue with unit arrangement formula:RhSe2Sn calc_id:2eDsDmg7X3olqT3XJSX7XwwW8biA prop:has_cell_volume, unit:meter ** 3, c_unit:M3, check:1
2021-12-28 16:37:27 WARNING issue with unit arrangement formula:Ir2LiSi calc_id:2eqCIu5sGWBYNxbakgRZqsczvVF6 prop:has_cell_volume, unit:meter ** 3, c_unit:M3, check:1
2021-12-28 16:37:29 WARNING issue with unit arrangement formula:Mn2RhTc calc_id:2gt2jEV2l0640me40ViJb7POpGCt prop:has_cell_volume, unit:meter ** 3, c_unit:M3, check:1
2021-12-28 16:37:37 WARNING issue with unit arrangement formula:Pb2SiTe calc_id:2harEuGCdgqMb6l3Ns3En6eg1i0H prop:has_cell_volume, unit:meter ** 3, c_unit:M3, check:1
2021-12-28 16:37:39 WARNING issue with unit arrangement formula:Mo2NiP calc_id:2hnkAhJEgk_OVq9La0PHIaVl6AM4 prop:has_cell_volume, unit:meter ** 3, c_unit:M3, check:1
2021-12-28 16:37:41 WARNING issue with unit arrangement formula:NiSrV2 calc_id:2iDtybqRu75bOVTMBW51TEBzlmXe prop:has_cell_volume, unit:meter ** 3, c_unit:M3, check:1
2021-12-28 16:37:44 WARNING issue with unit arrangement formula:LaTc2Te calc_id:2iLogMHDiUdzBNgheGgE9YiOtgVL prop:has_cell_volume, unit:meter ** 3, c_unit:M3, check:1
2021-12-28 16:37:46 WARNING issue with unit arrangement formula:InRuTc2 calc_id:2iScmYGLcjDEVKh5me64rUwaxode prop:has_cell_volume, unit:meter ** 3, c_unit:M3, check:1
2021-12-28 16:37:48 WARNING issue with unit arrangement formula:MnTaTc calc_id:2kST8sqWKDR6ueoqvVZb9Vtamngz prop:has_cell_volume, unit:meter ** 3, c_unit:M3, check:1
2021-12-28 16:37:50 WARNING issue with unit arrangement formula:Li2ScZn calc_id:2leQXIdnuIEJihF8yKlP9FWQ7Lhe prop:has_cell_volume, unit:meter ** 3, c_unit:M3, check:1
2021-12-28 16:37:52 WARNING issue with unit arrangement formula:LiMnW2 calc_id:2lqUL-vNzmSC29pJsQjw8_n4-Qzc prop:has_cell_volume, unit:meter ** 3, c_unit:M3, check:1
2021-12-28 16:37:54 WARNING issue with unit arrangement formula:SbSiTl calc_id:2mQ818zEupX6Od9Dv0r3xIyIJzc0 prop:has_cell_volume, unit:meter ** 3, c_unit:M3, check:1
2021-12-28 16:37:56 WARNING issue with unit arrangement formula:LaPdSb calc_id:2mqvaNumlLOjpkA-OPTD1vugw__3 prop:has_cell_volume, unit:meter ** 3, c_unit:M3, check:1
2021-12-28 16:38:06 WARNING issue with unit arrangement formula:Li2MnRh calc_id:2nUxmIhmdaddbfLmgiSBaIxnaVGU prop:has_cell_volume, unit:meter ** 3, c_unit:M3, check:1
2021-12-28 16:38:08 WARNING issue with unit arrangement formula:NbPdSr2 calc_id:2oiNDiGkvT0ZzWGXGsn5932YhXrl prop:has_cell_volume, unit:meter ** 3, c_unit:M3, check:1
2021-12-28 16:38:10 WARNING issue with unit arrangement formula:MgRuTc calc_id:2q1taG4apg6D3AdzY_u8_jCKG9_c prop:has_cell_volume, unit:meter ** 3, c_unit:M3, check:1
2021-12-28 16:38:12 WARNING issue with unit arrangement formula:InNbPb2 calc_id:2rCgZHZLLakj1dWxrqvL3Z2IJzO1 prop:has_cell_volume, unit:meter ** 3, c_unit:M3, check:1
2021-12-28 16:38:15 WARNING issue with unit arrangement formula:MoTlZn2 calc_id:2rSQ3NzhsEa84AvWyOhI4nIUIzrL prop:has_cell_volume, unit:meter ** 3, c_unit:M3, check:1
2021-12-28 16:38:17 WARNING issue with unit arrangement formula:K2NaY calc_id:2siFXIuH4R_mjnDQcY4D7Or3toUD prop:has_cell_volume, unit:meter ** 3, c_unit:M3, check:1
2021-12-28 16:38:19 WARNING issue with unit arrangement formula:MoRh2Ti calc_id:2svYjHuPDtsxQwZicUkQkgx-zGNl prop:has_cell_volume, unit:meter ** 3, c_unit:M3, check:1
2021-12-28 16:38:21 WARNING issue with unit arrangement formula:LiRe2Zn calc_id:2tAn6NBhmT9GQBRfAW_dpRYKsuEG prop:has_cell_volume, unit:meter ** 3, c_unit:M3, check:1
2021-12-28 16:38:23 WARNING issue with unit arrangement formula:K2LaTl calc_id:2tfDqDuzeHxoWBIXAR_PQe9_vm4u prop:has_cell_volume, unit:meter ** 3, c_unit:M3, check:1
2021-12-28 16:38:25 WARNING issue with unit arrangement formula:Mg2OsRu calc_id:2uNrfber5yJH3cT6f-SpNShrdQcU prop:has_cell_volume, unit:meter ** 3, c_unit:M3, check:1
